<?xml version="1.0" encoding="UTF-8"?>
<!-- Generated by org.testng.reporters.JUnitXMLReporter -->
<testsuite ignored="0" hostname="DESKTOP-8M07T9M" failures="1" tests="18" name="Test_Desktop" time="536.433" errors="0" timestamp="2021-06-24T14:00:01 IST">
  <testcase classname="com.bmusa.TestCases.Desktop_AccountVerification" name="BannerVerification" time="2.779"/>
  <testcase classname="com.bmusa.TestCases.Desktop_AccountVerification" name="loginverification" time="13.096"/>
  <testcase classname="com.bmusa.TestCases.Desktop_StoreandZipupdateVerification" name="verifystorelocatorpage" time="5.989"/>
  <testcase classname="com.bmusa.TestCases.Desktop_StoreandZipupdateVerification" name="verifyzipupdate" time="8.227"/>
  <testcase classname="com.bmusa.TestCases.Desktop_userAccountVerification" name="landingOnAccountoverviewPage" time="20.875"/>
  <testcase classname="com.bmusa.TestCases.Desktop_userAccountVerification" name="verifyEditProfile" time="16.228">
    <failure type="org.openqa.selenium.NoSuchElementException" message="no such element: Unable to locate element: {&amp;quot;method&amp;quot;:&amp;quot;xpath&amp;quot;,&amp;quot;selector&amp;quot;:&amp;quot;//*[@id=&amp;apos;userDropDown&amp;apos;]&amp;quot;}
  (Session info: chrome=91.0.4472.106)
For documentation on this error, please visit: https://www.seleniumhq.org/exceptions/no_such_element.html
Build info: version: &amp;apos;3.141.59&amp;apos;, revision: &amp;apos;e82be7d358&amp;apos;, time: &amp;apos;2018-11-14T08:17:03&amp;apos;
System info: host: &amp;apos;DESKTOP-8M07T9M&amp;apos;, ip: &amp;apos;172.27.253.250&amp;apos;, os.name: &amp;apos;Windows 10&amp;apos;, os.arch: &amp;apos;amd64&amp;apos;, os.version: &amp;apos;10.0&amp;apos;, java.version: &amp;apos;15.0.2&amp;apos;
Driver info: org.openqa.selenium.chrome.ChromeDriver
Capabilities {acceptInsecureCerts: false, browserName: chrome, browserVersion: 91.0.4472.106, chrome: {chromedriverVersion: 91.0.4472.101 (af52a90bf870..., userDataDir: C:\Users\Admin\AppData\Loca...}, goog:chromeOptions: {debuggerAddress: localhost:56829}, javascriptEnabled: true, networkConnectionEnabled: false, pageLoadStrategy: normal, platform: WINDOWS, platformName: WINDOWS, proxy: Proxy(), setWindowRect: true, strictFileInteractability: false, timeouts: {implicit: 0, pageLoad: 300000, script: 30000}, unhandledPromptBehavior: dismiss and notify, webauthn:extension:largeBlob: true, webauthn:virtualAuthenticators: true}
Session ID: caede75618ed0da9d7a98de25faebe96
*** Element info: {Using=xpath, value=//*[@id=&amp;apos;userDropDown&amp;apos;]}">
      <![CDATA[org.openqa.selenium.NoSuchElementException: no such element: Unable to locate element: {"method":"xpath","selector":"//*[@id='userDropDown']"}
  (Session info: chrome=91.0.4472.106)
For documentation on this error, please visit: https://www.seleniumhq.org/exceptions/no_such_element.html
Build info: version: '3.141.59', revision: 'e82be7d358', time: '2018-11-14T08:17:03'
System info: host: 'DESKTOP-8M07T9M', ip: '172.27.253.250', os.name: 'Windows 10', os.arch: 'amd64', os.version: '10.0', java.version: '15.0.2'
Driver info: org.openqa.selenium.chrome.ChromeDriver
Capabilities {acceptInsecureCerts: false, browserName: chrome, browserVersion: 91.0.4472.106, chrome: {chromedriverVersion: 91.0.4472.101 (af52a90bf870..., userDataDir: C:\Users\Admin\AppData\Loca...}, goog:chromeOptions: {debuggerAddress: localhost:56829}, javascriptEnabled: true, networkConnectionEnabled: false, pageLoadStrategy: normal, platform: WINDOWS, platformName: WINDOWS, proxy: Proxy(), setWindowRect: true, strictFileInteractability: false, timeouts: {implicit: 0, pageLoad: 300000, script: 30000}, unhandledPromptBehavior: dismiss and notify, webauthn:extension:largeBlob: true, webauthn:virtualAuthenticators: true}
Session ID: caede75618ed0da9d7a98de25faebe96
*** Element info: {Using=xpath, value=//*[@id='userDropDown']}
at org.openqa.selenium.remote.http.W3CHttpResponseCodec.createException(W3CHttpResponseCodec.java:187)
at org.openqa.selenium.remote.http.W3CHttpResponseCodec.decode(W3CHttpResponseCodec.java:122)
at org.openqa.selenium.remote.http.W3CHttpResponseCodec.decode(W3CHttpResponseCodec.java:49)
at org.openqa.selenium.remote.HttpCommandExecutor.execute(HttpCommandExecutor.java:158)
at org.openqa.selenium.remote.service.DriverCommandExecutor.execute(DriverCommandExecutor.java:83)
at org.openqa.selenium.remote.RemoteWebDriver.execute(RemoteWebDriver.java:552)
at org.openqa.selenium.remote.RemoteWebDriver.findElement(RemoteWebDriver.java:323)
at org.openqa.selenium.remote.RemoteWebDriver.findElementByXPath(RemoteWebDriver.java:428)
at org.openqa.selenium.By$ByXPath.findElement(By.java:353)
at org.openqa.selenium.remote.RemoteWebDriver.findElement(RemoteWebDriver.java:315)
at org.openqa.selenium.support.pagefactory.DefaultElementLocator.findElement(DefaultElementLocator.java:69)
at org.openqa.selenium.support.pagefactory.internal.LocatingElementHandler.invoke(LocatingElementHandler.java:38)
at com.sun.proxy.$Proxy14.click(Unknown Source)
at com.bmusa.pages.userProfile.editProfile(userProfile.java:125)
at com.bmusa.TestCases.Desktop_userAccountVerification.verifyEditProfile(Desktop_userAccountVerification.java:33)
at java.base/java.util.ArrayList.forEach(ArrayList.java:1511)
at java.base/java.util.concurrent.FutureTask.run(FutureTask.java:264)
at java.base/java.util.concurrent.ThreadPoolExecutor.runWorker(ThreadPoolExecutor.java:1130)
at java.base/java.util.concurrent.ThreadPoolExecutor$Worker.run(ThreadPoolExecutor.java:630)
at java.base/java.lang.Thread.run(Thread.java:832)
... Removed 23 stack frames]]>
    </failure>
  </testcase> <!-- verifyEditProfile -->
  <testcase classname="com.bmusa.TestCases.Desktop_userAccountVerification" name="verifyforgotpassword" time="11.43"/>
  <testcase classname="com.bmusa.TestCases.Desktop_SearchandBrowserVerification" name="verifycategory" time="5.639"/>
  <testcase classname="com.bmusa.TestCases.Desktop_SearchandBrowserVerification" name="verifypddaddtocart" time="11.171"/>
  <testcase classname="com.bmusa.TestCases.Desktop_SearchandBrowserVerification" name="verifyplp" time="4.585"/>
  <testcase classname="com.bmusa.TestCases.Desktop_SearchandBrowserVerification" name="verifyplpaddtocart" time="9.291"/>
  <testcase classname="com.bmusa.TestCases.Desktop_SearchandBrowserVerification" name="verifysearchasGuest" time="7.453"/>
  <testcase classname="com.bmusa.TestCases.Desktop_cartfunctionalitiesVerification" name="verifyCartUpdate" time="14.372"/>
  <testcase classname="com.bmusa.TestCases.Desktop_cartfunctionalitiesVerification" name="verifyInstorePickup" time="56.502"/>
  <testcase classname="com.bmusa.TestCases.Desktop_cartfunctionalitiesVerification" name="verifycartsummary" time="26.01"/>
  <testcase classname="com.bmusa.TestCases.Desktop_staticpageValidation" name="validateClerancePage" time="4.516"/>
  <testcase classname="com.bmusa.TestCases.Desktop_staticpageValidation" name="verifyweeklyad" time="29.258"/>
  <testcase classname="com.bmusa.TestCases.Desktop_PaymentVerification" name="verifypaypalpage" time="60.609"/>
</testsuite> <!-- Test_Desktop -->
