<!DOCTYPE html PUBLIC "-//W3C//DTD XHTML 1.1//EN" "https://www.w3.org/TR/xhtml11/DTD/xhtml11.dtd">
<html xmlns="https://www.w3.org/1999/xhtml">
<head>
<meta http-equiv="content-type" content="text/html; charset=UTF-8"/>
<title>TestNG Report</title>
<style type="text/css">table {margin-bottom:10px;border-collapse:collapse;empty-cells:show}th,td {border:1px solid #009;padding:.25em .5em}th {vertical-align:bottom}td {vertical-align:top}table a {font-weight:bold}.stripe td {background-color: #E6EBF9}.num {text-align:right}.passedodd td {background-color: #3F3}.passedeven td {background-color: #0A0}.skippedodd td {background-color: #DDD}.skippedeven td {background-color: #CCC}.failedodd td,.attn {background-color: #F33}.failedeven td,.stripe .attn {background-color: #D00}.stacktrace {white-space:pre;font-family:monospace}.totop {font-size:85%;text-align:center;border-bottom:2px solid #000}.invisible {display:none}</style>
</head>
<body>
<table>
<tr><th>Test</th><th># Passed</th><th># Skipped</th><th># Retried</th><th># Failed</th><th>Time (ms)</th><th>Included Groups</th><th>Excluded Groups</th></tr>
<tr><th colspan="8">Suite</th></tr>
<tr><td><a href="#t0">Test_Mobile</a></td><td class="num">12</td><td class="num">0</td><td class="num">0</td><td class="num attn">2</td><td class="num">507,350</td><td></td><td></td></tr>
<tr class="stripe"><td><a href="#t1">Test_Desktop</a></td><td class="num">17</td><td class="num">0</td><td class="num">0</td><td class="num attn">1</td><td class="num">536,433</td><td></td><td></td></tr>
<tr><th>Total</th><th class="num">29</th><th class="num">0</th><th class="num">0</th><th class="num attn">3</th><th class="num">1,043,783</th><th colspan="2"></th></tr>
</table>
<table id='summary'><thead><tr><th>Class</th><th>Method</th><th>Start</th><th>Time (ms)</th></tr></thead><tbody><tr><th colspan="4">Suite</th></tr></tbody><tbody id="t0"><tr><th colspan="4">Test_Mobile &#8212; failed</th></tr><tr class="failedeven"><td rowspan="1">com.bmusa.TestCases.Mobile_cartfunctionalitiesVerification</td><td><a href="#m0">verifyMobileInstorePickup</a></td><td rowspan="1">1624523062380</td><td rowspan="1">40806</td></tr><tr class="failedodd"><td rowspan="1">com.bmusa.TestCases.Mobile_userAccountVerification</td><td><a href="#m1">verifymobileEditProfile</a></td><td rowspan="1">1624522999687</td><td rowspan="1">15489</td></tr><tr><th colspan="4">Test_Mobile &#8212; passed</th></tr><tr class="passedeven"><td rowspan="2">com.bmusa.TestCases.Mobile_AccountVerification</td><td><a href="#m2">BannerVerification</a></td><td rowspan="1">1624522879877</td><td rowspan="1">3517</td></tr><tr class="passedeven"><td><a href="#m3">loginverification</a></td><td rowspan="1">1624522895039</td><td rowspan="1">20141</td></tr><tr class="passedodd"><td rowspan="2">com.bmusa.TestCases.Mobile_PaymentVerification</td><td><a href="#m4">mobilefortivaValidation</a></td><td rowspan="1">1624523265395</td><td rowspan="1">46922</td></tr><tr class="passedodd"><td><a href="#m5">mobilepaypalValidation</a></td><td rowspan="1">1624523321425</td><td rowspan="1">49606</td></tr><tr class="passedeven"><td rowspan="2">com.bmusa.TestCases.Mobile_SearchandBrowserVerification</td><td><a href="#m6">mobilePDPAddtoCart</a></td><td rowspan="1">1624522928411</td><td rowspan="1">13674</td></tr><tr class="passedeven"><td><a href="#m7">verifymobilePLPaddtocart</a></td><td rowspan="1">1624522952580</td><td rowspan="1">10104</td></tr><tr class="passedodd"><td rowspan="1">com.bmusa.TestCases.Mobile_StoreandZipupdateVerification</td><td><a href="#m8">mobileStorelocator</a></td><td rowspan="1">1624523047498</td><td rowspan="1">3855</td></tr><tr class="passedeven"><td rowspan="2">com.bmusa.TestCases.Mobile_cartfunctionalitiesVerification</td><td><a href="#m9">verifymobileQtyUpdate</a></td><td rowspan="1">1624523116477</td><td rowspan="1">15587</td></tr><tr class="passedeven"><td><a href="#m10">verifymobilecartSummary</a></td><td rowspan="1">1624523144098</td><td rowspan="1">16638</td></tr><tr class="passedodd"><td rowspan="1">com.bmusa.TestCases.Mobile_staticValidation</td><td><a href="#m11">verifyMobileweeklyad</a></td><td rowspan="1">1624523169586</td><td rowspan="1">85857</td></tr><tr class="passedeven"><td rowspan="2">com.bmusa.TestCases.Mobile_userAccountVerification</td><td><a href="#m12">verifyMobileAccountnavigation</a></td><td rowspan="1">1624522972493</td><td rowspan="1">15414</td></tr><tr class="passedeven"><td><a href="#m13">verifymobileforgotpassword</a></td><td rowspan="1">1624523026951</td><td rowspan="1">8647</td></tr></tbody>
<tbody id="t1"><tr><th colspan="4">Test_Desktop &#8212; failed</th></tr><tr class="failedeven"><td rowspan="1">com.bmusa.TestCases.Desktop_userAccountVerification</td><td><a href="#m14">verifyEditProfile</a></td><td rowspan="1">1624522998536</td><td rowspan="1">16228</td></tr><tr><th colspan="4">Test_Desktop &#8212; passed</th></tr><tr class="passedeven"><td rowspan="2">com.bmusa.TestCases.Desktop_AccountVerification</td><td><a href="#m15">BannerVerification</a></td><td rowspan="1">1624522879877</td><td rowspan="1">2779</td></tr><tr class="passedeven"><td><a href="#m16">loginverification</a></td><td rowspan="1">1624522895830</td><td rowspan="1">13096</td></tr><tr class="passedodd"><td rowspan="1">com.bmusa.TestCases.Desktop_PaymentVerification</td><td><a href="#m17">verifypaypalpage</a></td><td rowspan="1">1624523339573</td><td rowspan="1">60609</td></tr><tr class="passedeven"><td rowspan="5">com.bmusa.TestCases.Desktop_SearchandBrowserVerification</td><td><a href="#m18">verifycategory</a></td><td rowspan="1">1624523051375</td><td rowspan="1">5639</td></tr><tr class="passedeven"><td><a href="#m19">verifypddaddtocart</a></td><td rowspan="1">1624523072379</td><td rowspan="1">11171</td></tr><tr class="passedeven"><td><a href="#m20">verifyplp</a></td><td rowspan="1">1624523094517</td><td rowspan="1">4585</td></tr><tr class="passedeven"><td><a href="#m21">verifyplpaddtocart</a></td><td rowspan="1">1624523117149</td><td rowspan="1">9291</td></tr><tr class="passedeven"><td><a href="#m22">verifysearchasGuest</a></td><td rowspan="1">1624523136857</td><td rowspan="1">7453</td></tr><tr class="passedodd"><td rowspan="2">com.bmusa.TestCases.Desktop_StoreandZipupdateVerification</td><td><a href="#m23">verifystorelocatorpage</a></td><td rowspan="1">1624522919213</td><td rowspan="1">5989</td></tr><tr class="passedodd"><td><a href="#m24">verifyzipupdate</a></td><td rowspan="1">1624522941506</td><td rowspan="1">8227</td></tr><tr class="passedeven"><td rowspan="3">com.bmusa.TestCases.Desktop_cartfunctionalitiesVerification</td><td><a href="#m25">verifyCartUpdate</a></td><td rowspan="1">1624523155969</td><td rowspan="1">14372</td></tr><tr class="passedeven"><td><a href="#m26">verifyInstorePickup</a></td><td rowspan="1">1624523183808</td><td rowspan="1">56502</td></tr><tr class="passedeven"><td><a href="#m27">verifycartsummary</a></td><td rowspan="1">1624523251422</td><td rowspan="1">26010</td></tr><tr class="passedodd"><td rowspan="2">com.bmusa.TestCases.Desktop_staticpageValidation</td><td><a href="#m28">validateClerancePage</a></td><td rowspan="1">1624523286356</td><td rowspan="1">4516</td></tr><tr class="passedodd"><td><a href="#m29">verifyweeklyad</a></td><td rowspan="1">1624523300454</td><td rowspan="1">29258</td></tr><tr class="passedeven"><td rowspan="2">com.bmusa.TestCases.Desktop_userAccountVerification</td><td><a href="#m30">landingOnAccountoverviewPage</a></td><td rowspan="1">1624522963499</td><td rowspan="1">20875</td></tr><tr class="passedeven"><td><a href="#m31">verifyforgotpassword</a></td><td rowspan="1">1624523027083</td><td rowspan="1">11430</td></tr></tbody>
</table>
<h2>Test_Mobile</h2><h3 id="m0">com.bmusa.TestCases.Mobile_cartfunctionalitiesVerification#verifyMobileInstorePickup</h3><table class="result"><tr class="param"><th>Parameter #1</th><th>Parameter #2</th></tr><tr class="param stripe"><td>gskprod13@aie.com</td><td>test1234</td></tr><tr><th colspan="2">Exception</th></tr><tr><td colspan="2"><div class="stacktrace">org.openqa.selenium.NoSuchElementException: no such element: Unable to locate element: {&quot;method&quot;:&quot;xpath&quot;,&quot;selector&quot;:&quot;//*[@id=&apos;bodyContainer&apos;]/app-checkout/header/div/div/a/img&quot;}
  (Session info: chrome=91.0.4472.106)
For documentation on this error, please visit: https://www.seleniumhq.org/exceptions/no_such_element.html
Build info: version: &apos;3.141.59&apos;, revision: &apos;e82be7d358&apos;, time: &apos;2018-11-14T08:17:03&apos;
System info: host: &apos;DESKTOP-8M07T9M&apos;, ip: &apos;172.27.253.250&apos;, os.name: &apos;Windows 10&apos;, os.arch: &apos;amd64&apos;, os.version: &apos;10.0&apos;, java.version: &apos;15.0.2&apos;
Driver info: org.openqa.selenium.chrome.ChromeDriver
Capabilities {acceptInsecureCerts: false, browserName: chrome, browserVersion: 91.0.4472.106, chrome: {chromedriverVersion: 91.0.4472.101 (af52a90bf870..., userDataDir: C:\Users\Admin\AppData\Loca...}, goog:chromeOptions: {debuggerAddress: localhost:54868}, javascriptEnabled: true, networkConnectionEnabled: false, pageLoadStrategy: normal, platform: WINDOWS, platformName: WINDOWS, proxy: Proxy(), setWindowRect: true, strictFileInteractability: false, timeouts: {implicit: 0, pageLoad: 300000, script: 30000}, unhandledPromptBehavior: dismiss and notify, webauthn:extension:largeBlob: true, webauthn:virtualAuthenticators: true}
Session ID: f780a01690cc44594115e52785c01550
*** Element info: {Using=xpath, value=//*[@id=&apos;bodyContainer&apos;]/app-checkout/header/div/div/a/img}
	at org.openqa.selenium.remote.http.W3CHttpResponseCodec.createException(W3CHttpResponseCodec.java:187)
	at org.openqa.selenium.remote.http.W3CHttpResponseCodec.decode(W3CHttpResponseCodec.java:122)
	at org.openqa.selenium.remote.http.W3CHttpResponseCodec.decode(W3CHttpResponseCodec.java:49)
	at org.openqa.selenium.remote.HttpCommandExecutor.execute(HttpCommandExecutor.java:158)
	at org.openqa.selenium.remote.service.DriverCommandExecutor.execute(DriverCommandExecutor.java:83)
	at org.openqa.selenium.remote.RemoteWebDriver.execute(RemoteWebDriver.java:552)
	at org.openqa.selenium.remote.RemoteWebDriver.findElement(RemoteWebDriver.java:323)
	at org.openqa.selenium.remote.RemoteWebDriver.findElementByXPath(RemoteWebDriver.java:428)
	at org.openqa.selenium.By$ByXPath.findElement(By.java:353)
	at org.openqa.selenium.remote.RemoteWebDriver.findElement(RemoteWebDriver.java:315)
	at org.openqa.selenium.support.pagefactory.DefaultElementLocator.findElement(DefaultElementLocator.java:69)
	at org.openqa.selenium.support.pagefactory.internal.LocatingElementHandler.invoke(LocatingElementHandler.java:38)
	at com.sun.proxy.$Proxy14.click(Unknown Source)
	at com.bmusa.pages.Cartfunctionality.inStorepickup(Cartfunctionality.java:110)
	at com.bmusa.TestCases.Mobile_cartfunctionalitiesVerification.verifyMobileInstorePickup(Mobile_cartfunctionalitiesVerification.java:46)
	at java.base/java.util.ArrayList.forEach(ArrayList.java:1511)
	at java.base/java.util.concurrent.FutureTask.run(FutureTask.java:264)
	at java.base/java.util.concurrent.ThreadPoolExecutor.runWorker(ThreadPoolExecutor.java:1130)
	at java.base/java.util.concurrent.ThreadPoolExecutor$Worker.run(ThreadPoolExecutor.java:630)
	at java.base/java.lang.Thread.run(Thread.java:832)
... Removed 23 stack frames</div></td></tr></table><p class="totop"><a href="#summary">back to summary</a></p>
<h3 id="m1">com.bmusa.TestCases.Mobile_userAccountVerification#verifymobileEditProfile</h3><table class="result"><tr class="param"><th>Parameter #1</th><th>Parameter #2</th></tr><tr class="param stripe"><td>gskprod12@aie.com</td><td>test1234</td></tr><tr><th colspan="2">Exception</th></tr><tr><td colspan="2"><div class="stacktrace">org.openqa.selenium.NoSuchElementException: no such element: Unable to locate element: {&quot;method&quot;:&quot;xpath&quot;,&quot;selector&quot;:&quot;//*[@id=&apos;options&apos;]/li[1]/div/ul/li[1]/ul/li[1]/a&quot;}
  (Session info: chrome=91.0.4472.106)
For documentation on this error, please visit: https://www.seleniumhq.org/exceptions/no_such_element.html
Build info: version: &apos;3.141.59&apos;, revision: &apos;e82be7d358&apos;, time: &apos;2018-11-14T08:17:03&apos;
System info: host: &apos;DESKTOP-8M07T9M&apos;, ip: &apos;172.27.253.250&apos;, os.name: &apos;Windows 10&apos;, os.arch: &apos;amd64&apos;, os.version: &apos;10.0&apos;, java.version: &apos;15.0.2&apos;
Driver info: org.openqa.selenium.chrome.ChromeDriver
Capabilities {acceptInsecureCerts: false, browserName: chrome, browserVersion: 91.0.4472.106, chrome: {chromedriverVersion: 91.0.4472.101 (af52a90bf870..., userDataDir: C:\Users\Admin\AppData\Loca...}, goog:chromeOptions: {debuggerAddress: localhost:61641}, javascriptEnabled: true, networkConnectionEnabled: false, pageLoadStrategy: normal, platform: WINDOWS, platformName: WINDOWS, proxy: Proxy(), setWindowRect: true, strictFileInteractability: false, timeouts: {implicit: 0, pageLoad: 300000, script: 30000}, unhandledPromptBehavior: dismiss and notify, webauthn:extension:largeBlob: true, webauthn:virtualAuthenticators: true}
Session ID: 201dd90222f58534c0f366f21bbf6337
*** Element info: {Using=xpath, value=//*[@id=&apos;options&apos;]/li[1]/div/ul/li[1]/ul/li[1]/a}
	at org.openqa.selenium.remote.http.W3CHttpResponseCodec.createException(W3CHttpResponseCodec.java:187)
	at org.openqa.selenium.remote.http.W3CHttpResponseCodec.decode(W3CHttpResponseCodec.java:122)
	at org.openqa.selenium.remote.http.W3CHttpResponseCodec.decode(W3CHttpResponseCodec.java:49)
	at org.openqa.selenium.remote.HttpCommandExecutor.execute(HttpCommandExecutor.java:158)
	at org.openqa.selenium.remote.service.DriverCommandExecutor.execute(DriverCommandExecutor.java:83)
	at org.openqa.selenium.remote.RemoteWebDriver.execute(RemoteWebDriver.java:552)
	at org.openqa.selenium.remote.RemoteWebDriver.findElement(RemoteWebDriver.java:323)
	at org.openqa.selenium.remote.RemoteWebDriver.findElementByXPath(RemoteWebDriver.java:428)
	at org.openqa.selenium.By$ByXPath.findElement(By.java:353)
	at org.openqa.selenium.remote.RemoteWebDriver.findElement(RemoteWebDriver.java:315)
	at org.openqa.selenium.support.pagefactory.DefaultElementLocator.findElement(DefaultElementLocator.java:69)
	at org.openqa.selenium.support.pagefactory.internal.LocatingElementHandler.invoke(LocatingElementHandler.java:38)
	at com.sun.proxy.$Proxy14.click(Unknown Source)
	at com.bmusa.pages.userProfile.mobileeditProfile(userProfile.java:151)
	at com.bmusa.TestCases.Mobile_userAccountVerification.verifymobileEditProfile(Mobile_userAccountVerification.java:33)
	at java.base/java.util.ArrayList.forEach(ArrayList.java:1511)
	at java.base/java.util.concurrent.FutureTask.run(FutureTask.java:264)
	at java.base/java.util.concurrent.ThreadPoolExecutor.runWorker(ThreadPoolExecutor.java:1130)
	at java.base/java.util.concurrent.ThreadPoolExecutor$Worker.run(ThreadPoolExecutor.java:630)
	at java.base/java.lang.Thread.run(Thread.java:832)
... Removed 23 stack frames</div></td></tr></table><p class="totop"><a href="#summary">back to summary</a></p>
<h3 id="m2">com.bmusa.TestCases.Mobile_AccountVerification#BannerVerification</h3><table class="result"><tr><th class="invisible"/></tr></table><p class="totop"><a href="#summary">back to summary</a></p>
<h3 id="m3">com.bmusa.TestCases.Mobile_AccountVerification#loginverification</h3><table class="result"><tr class="param"><th>Parameter #1</th><th>Parameter #2</th></tr><tr class="param stripe"><td>gskprod12@aie.com</td><td>test1234</td></tr></table><p class="totop"><a href="#summary">back to summary</a></p>
<h3 id="m4">com.bmusa.TestCases.Mobile_PaymentVerification#mobilefortivaValidation</h3><table class="result"><tr class="param"><th>Parameter #1</th><th>Parameter #2</th></tr><tr class="param stripe"><td>gskprod12@aie.com</td><td>test1234</td></tr></table><p class="totop"><a href="#summary">back to summary</a></p>
<h3 id="m5">com.bmusa.TestCases.Mobile_PaymentVerification#mobilepaypalValidation</h3><table class="result"><tr class="param"><th>Parameter #1</th><th>Parameter #2</th></tr><tr class="param stripe"><td>gskprod12@aie.com</td><td>test1234</td></tr></table><p class="totop"><a href="#summary">back to summary</a></p>
<h3 id="m6">com.bmusa.TestCases.Mobile_SearchandBrowserVerification#mobilePDPAddtoCart</h3><table class="result"><tr><th class="invisible"/></tr></table><p class="totop"><a href="#summary">back to summary</a></p>
<h3 id="m7">com.bmusa.TestCases.Mobile_SearchandBrowserVerification#verifymobilePLPaddtocart</h3><table class="result"><tr><th class="invisible"/></tr></table><p class="totop"><a href="#summary">back to summary</a></p>
<h3 id="m8">com.bmusa.TestCases.Mobile_StoreandZipupdateVerification#mobileStorelocator</h3><table class="result"><tr><th class="invisible"/></tr></table><p class="totop"><a href="#summary">back to summary</a></p>
<h3 id="m9">com.bmusa.TestCases.Mobile_cartfunctionalitiesVerification#verifymobileQtyUpdate</h3><table class="result"><tr><th class="invisible"/></tr></table><p class="totop"><a href="#summary">back to summary</a></p>
<h3 id="m10">com.bmusa.TestCases.Mobile_cartfunctionalitiesVerification#verifymobilecartSummary</h3><table class="result"><tr><th class="invisible"/></tr></table><p class="totop"><a href="#summary">back to summary</a></p>
<h3 id="m11">com.bmusa.TestCases.Mobile_staticValidation#verifyMobileweeklyad</h3><table class="result"><tr><th class="invisible"/></tr></table><p class="totop"><a href="#summary">back to summary</a></p>
<h3 id="m12">com.bmusa.TestCases.Mobile_userAccountVerification#verifyMobileAccountnavigation</h3><table class="result"><tr class="param"><th>Parameter #1</th><th>Parameter #2</th></tr><tr class="param stripe"><td>gskprod12@aie.com</td><td>test1234</td></tr></table><p class="totop"><a href="#summary">back to summary</a></p>
<h3 id="m13">com.bmusa.TestCases.Mobile_userAccountVerification#verifymobileforgotpassword</h3><table class="result"><tr><th class="invisible"/></tr></table><p class="totop"><a href="#summary">back to summary</a></p>
<h2>Test_Desktop</h2><h3 id="m14">com.bmusa.TestCases.Desktop_userAccountVerification#verifyEditProfile</h3><table class="result"><tr class="param"><th>Parameter #1</th><th>Parameter #2</th></tr><tr class="param stripe"><td>gskprod11@aie.com</td><td>test1234</td></tr><tr><th colspan="2">Exception</th></tr><tr><td colspan="2"><div class="stacktrace">org.openqa.selenium.NoSuchElementException: no such element: Unable to locate element: {&quot;method&quot;:&quot;xpath&quot;,&quot;selector&quot;:&quot;//*[@id=&apos;userDropDown&apos;]&quot;}
  (Session info: chrome=91.0.4472.106)
For documentation on this error, please visit: https://www.seleniumhq.org/exceptions/no_such_element.html
Build info: version: &apos;3.141.59&apos;, revision: &apos;e82be7d358&apos;, time: &apos;2018-11-14T08:17:03&apos;
System info: host: &apos;DESKTOP-8M07T9M&apos;, ip: &apos;172.27.253.250&apos;, os.name: &apos;Windows 10&apos;, os.arch: &apos;amd64&apos;, os.version: &apos;10.0&apos;, java.version: &apos;15.0.2&apos;
Driver info: org.openqa.selenium.chrome.ChromeDriver
Capabilities {acceptInsecureCerts: false, browserName: chrome, browserVersion: 91.0.4472.106, chrome: {chromedriverVersion: 91.0.4472.101 (af52a90bf870..., userDataDir: C:\Users\Admin\AppData\Loca...}, goog:chromeOptions: {debuggerAddress: localhost:56829}, javascriptEnabled: true, networkConnectionEnabled: false, pageLoadStrategy: normal, platform: WINDOWS, platformName: WINDOWS, proxy: Proxy(), setWindowRect: true, strictFileInteractability: false, timeouts: {implicit: 0, pageLoad: 300000, script: 30000}, unhandledPromptBehavior: dismiss and notify, webauthn:extension:largeBlob: true, webauthn:virtualAuthenticators: true}
Session ID: caede75618ed0da9d7a98de25faebe96
*** Element info: {Using=xpath, value=//*[@id=&apos;userDropDown&apos;]}
	at org.openqa.selenium.remote.http.W3CHttpResponseCodec.createException(W3CHttpResponseCodec.java:187)
	at org.openqa.selenium.remote.http.W3CHttpResponseCodec.decode(W3CHttpResponseCodec.java:122)
	at org.openqa.selenium.remote.http.W3CHttpResponseCodec.decode(W3CHttpResponseCodec.java:49)
	at org.openqa.selenium.remote.HttpCommandExecutor.execute(HttpCommandExecutor.java:158)
	at org.openqa.selenium.remote.service.DriverCommandExecutor.execute(DriverCommandExecutor.java:83)
	at org.openqa.selenium.remote.RemoteWebDriver.execute(RemoteWebDriver.java:552)
	at org.openqa.selenium.remote.RemoteWebDriver.findElement(RemoteWebDriver.java:323)
	at org.openqa.selenium.remote.RemoteWebDriver.findElementByXPath(RemoteWebDriver.java:428)
	at org.openqa.selenium.By$ByXPath.findElement(By.java:353)
	at org.openqa.selenium.remote.RemoteWebDriver.findElement(RemoteWebDriver.java:315)
	at org.openqa.selenium.support.pagefactory.DefaultElementLocator.findElement(DefaultElementLocator.java:69)
	at org.openqa.selenium.support.pagefactory.internal.LocatingElementHandler.invoke(LocatingElementHandler.java:38)
	at com.sun.proxy.$Proxy14.click(Unknown Source)
	at com.bmusa.pages.userProfile.editProfile(userProfile.java:125)
	at com.bmusa.TestCases.Desktop_userAccountVerification.verifyEditProfile(Desktop_userAccountVerification.java:33)
	at java.base/java.util.ArrayList.forEach(ArrayList.java:1511)
	at java.base/java.util.concurrent.FutureTask.run(FutureTask.java:264)
	at java.base/java.util.concurrent.ThreadPoolExecutor.runWorker(ThreadPoolExecutor.java:1130)
	at java.base/java.util.concurrent.ThreadPoolExecutor$Worker.run(ThreadPoolExecutor.java:630)
	at java.base/java.lang.Thread.run(Thread.java:832)
... Removed 23 stack frames</div></td></tr></table><p class="totop"><a href="#summary">back to summary</a></p>
<h3 id="m15">com.bmusa.TestCases.Desktop_AccountVerification#BannerVerification</h3><table class="result"><tr><th class="invisible"/></tr></table><p class="totop"><a href="#summary">back to summary</a></p>
<h3 id="m16">com.bmusa.TestCases.Desktop_AccountVerification#loginverification</h3><table class="result"><tr class="param"><th>Parameter #1</th><th>Parameter #2</th></tr><tr class="param stripe"><td>gskprod11@aie.com</td><td>test1234</td></tr></table><p class="totop"><a href="#summary">back to summary</a></p>
<h3 id="m17">com.bmusa.TestCases.Desktop_PaymentVerification#verifypaypalpage</h3><table class="result"><tr class="param"><th>Parameter #1</th><th>Parameter #2</th></tr><tr class="param stripe"><td>gskprod14@aie.com</td><td>test1234</td></tr></table><p class="totop"><a href="#summary">back to summary</a></p>
<h3 id="m18">com.bmusa.TestCases.Desktop_SearchandBrowserVerification#verifycategory</h3><table class="result"><tr><th class="invisible"/></tr></table><p class="totop"><a href="#summary">back to summary</a></p>
<h3 id="m19">com.bmusa.TestCases.Desktop_SearchandBrowserVerification#verifypddaddtocart</h3><table class="result"><tr><th class="invisible"/></tr></table><p class="totop"><a href="#summary">back to summary</a></p>
<h3 id="m20">com.bmusa.TestCases.Desktop_SearchandBrowserVerification#verifyplp</h3><table class="result"><tr><th class="invisible"/></tr></table><p class="totop"><a href="#summary">back to summary</a></p>
<h3 id="m21">com.bmusa.TestCases.Desktop_SearchandBrowserVerification#verifyplpaddtocart</h3><table class="result"><tr><th class="invisible"/></tr></table><p class="totop"><a href="#summary">back to summary</a></p>
<h3 id="m22">com.bmusa.TestCases.Desktop_SearchandBrowserVerification#verifysearchasGuest</h3><table class="result"><tr><th class="invisible"/></tr></table><p class="totop"><a href="#summary">back to summary</a></p>
<h3 id="m23">com.bmusa.TestCases.Desktop_StoreandZipupdateVerification#verifystorelocatorpage</h3><table class="result"><tr><th class="invisible"/></tr></table><p class="totop"><a href="#summary">back to summary</a></p>
<h3 id="m24">com.bmusa.TestCases.Desktop_StoreandZipupdateVerification#verifyzipupdate</h3><table class="result"><tr><th class="invisible"/></tr></table><p class="totop"><a href="#summary">back to summary</a></p>
<h3 id="m25">com.bmusa.TestCases.Desktop_cartfunctionalitiesVerification#verifyCartUpdate</h3><table class="result"><tr><th class="invisible"/></tr></table><p class="totop"><a href="#summary">back to summary</a></p>
<h3 id="m26">com.bmusa.TestCases.Desktop_cartfunctionalitiesVerification#verifyInstorePickup</h3><table class="result"><tr class="param"><th>Parameter #1</th><th>Parameter #2</th></tr><tr class="param stripe"><td>gskprod14@aie.com</td><td>test1234</td></tr></table><p class="totop"><a href="#summary">back to summary</a></p>
<h3 id="m27">com.bmusa.TestCases.Desktop_cartfunctionalitiesVerification#verifycartsummary</h3><table class="result"><tr><th class="invisible"/></tr></table><p class="totop"><a href="#summary">back to summary</a></p>
<h3 id="m28">com.bmusa.TestCases.Desktop_staticpageValidation#validateClerancePage</h3><table class="result"><tr><th class="invisible"/></tr></table><p class="totop"><a href="#summary">back to summary</a></p>
<h3 id="m29">com.bmusa.TestCases.Desktop_staticpageValidation#verifyweeklyad</h3><table class="result"><tr><th class="invisible"/></tr></table><p class="totop"><a href="#summary">back to summary</a></p>
<h3 id="m30">com.bmusa.TestCases.Desktop_userAccountVerification#landingOnAccountoverviewPage</h3><table class="result"><tr class="param"><th>Parameter #1</th><th>Parameter #2</th></tr><tr class="param stripe"><td>gskprod11@aie.com</td><td>test1234</td></tr></table><p class="totop"><a href="#summary">back to summary</a></p>
<h3 id="m31">com.bmusa.TestCases.Desktop_userAccountVerification#verifyforgotpassword</h3><table class="result"><tr><th class="invisible"/></tr></table><p class="totop"><a href="#summary">back to summary</a></p>
</body>
</html>
