<?xml version="1.0" encoding="UTF-8"?>
<testng-results ignored="0" total="24" passed="20" failed="4" skipped="0">
  <reporter-output>
  </reporter-output>
  <suite started-at="2021-06-07T21:29:39 IST" name="Suite" finished-at="2021-06-07T21:42:06 IST" duration-ms="746736">
    <groups>
    </groups>
    <test started-at="2021-06-07T21:29:39 IST" name="Test_Desktop" finished-at="2021-06-07T21:36:14 IST" duration-ms="395105">
      <class name="com.bmusa.TestCases.Desktop_StoreandZipupdateVerification">
        <test-method is-config="true" signature="browserlaunch(java.lang.String)[pri:0, instance:com.bmusa.TestCases.Desktop_StoreandZipupdateVerification@5acf93bb]" started-at="2021-06-07T21:31:57 IST" name="browserlaunch" finished-at="2021-06-07T21:32:08 IST" duration-ms="10911" status="PASS">
          <params>
            <param index="0">
              <value>
                <![CDATA[Chrome]]>
              </value>
            </param>
          </params>
          <reporter-output>
          </reporter-output>
        </test-method> <!-- browserlaunch -->
        <test-method signature="verifyzipupdate()[pri:0, instance:com.bmusa.TestCases.Desktop_StoreandZipupdateVerification@5acf93bb]" started-at="2021-06-07T21:32:08 IST" name="verifyzipupdate" finished-at="2021-06-07T21:32:17 IST" duration-ms="8770" status="PASS">
          <reporter-output>
          </reporter-output>
        </test-method> <!-- verifyzipupdate -->
        <test-method is-config="true" signature="closebrowser()[pri:0, instance:com.bmusa.TestCases.Desktop_StoreandZipupdateVerification@5acf93bb]" started-at="2021-06-07T21:32:18 IST" name="closebrowser" finished-at="2021-06-07T21:32:20 IST" duration-ms="1937" status="PASS">
          <reporter-output>
          </reporter-output>
        </test-method> <!-- closebrowser -->
      </class> <!-- com.bmusa.TestCases.Desktop_StoreandZipupdateVerification -->
      <class name="com.bmusa.TestCases.Desktop_SearchandBrowserVerification">
        <test-method is-config="true" signature="browserlaunch(java.lang.String)[pri:0, instance:com.bmusa.TestCases.Desktop_SearchandBrowserVerification@7e7be63f]" started-at="2021-06-07T21:32:20 IST" name="browserlaunch" finished-at="2021-06-07T21:33:48 IST" duration-ms="88266" status="PASS">
          <params>
            <param index="0">
              <value>
                <![CDATA[Chrome]]>
              </value>
            </param>
          </params>
          <reporter-output>
          </reporter-output>
        </test-method> <!-- browserlaunch -->
        <test-method signature="verifysearchasGuest()[pri:0, instance:com.bmusa.TestCases.Desktop_SearchandBrowserVerification@7e7be63f]" started-at="2021-06-07T21:33:48 IST" name="verifysearchasGuest" finished-at="2021-06-07T21:33:52 IST" duration-ms="4059" status="FAIL">
          <exception class="org.openqa.selenium.NoSuchElementException">
            <message>
              <![CDATA[no such element: Unable to locate element: {"method":"xpath","selector":"//*[@id='top-search']"}
  (Session info: chrome=90.0.4430.212)
For documentation on this error, please visit: https://www.seleniumhq.org/exceptions/no_such_element.html
Build info: version: '3.141.59', revision: 'e82be7d358', time: '2018-11-14T08:17:03'
System info: host: 'DESKTOP-8M07T9M', ip: '172.27.249.145', os.name: 'Windows 10', os.arch: 'amd64', os.version: '10.0', java.version: '15.0.2'
Driver info: org.openqa.selenium.chrome.ChromeDriver
Capabilities {acceptInsecureCerts: false, browserName: chrome, browserVersion: 90.0.4430.212, chrome: {chromedriverVersion: 90.0.4430.24 (4c6d850f087da..., userDataDir: C:\Users\Admin\AppData\Loca...}, goog:chromeOptions: {debuggerAddress: localhost:49228}, javascriptEnabled: true, networkConnectionEnabled: false, pageLoadStrategy: normal, platform: WINDOWS, platformName: WINDOWS, proxy: Proxy(), setWindowRect: true, strictFileInteractability: false, timeouts: {implicit: 0, pageLoad: 300000, script: 30000}, unhandledPromptBehavior: dismiss and notify, webauthn:extension:largeBlob: true, webauthn:virtualAuthenticators: true}
Session ID: 8114345aceffe3d6b527ecfe4a5896f9
*** Element info: {Using=xpath, value=//*[@id='top-search']}]]>
            </message>
            <full-stacktrace>
              <![CDATA[org.openqa.selenium.NoSuchElementException: no such element: Unable to locate element: {"method":"xpath","selector":"//*[@id='top-search']"}
  (Session info: chrome=90.0.4430.212)
For documentation on this error, please visit: https://www.seleniumhq.org/exceptions/no_such_element.html
Build info: version: '3.141.59', revision: 'e82be7d358', time: '2018-11-14T08:17:03'
System info: host: 'DESKTOP-8M07T9M', ip: '172.27.249.145', os.name: 'Windows 10', os.arch: 'amd64', os.version: '10.0', java.version: '15.0.2'
Driver info: org.openqa.selenium.chrome.ChromeDriver
Capabilities {acceptInsecureCerts: false, browserName: chrome, browserVersion: 90.0.4430.212, chrome: {chromedriverVersion: 90.0.4430.24 (4c6d850f087da..., userDataDir: C:\Users\Admin\AppData\Loca...}, goog:chromeOptions: {debuggerAddress: localhost:49228}, javascriptEnabled: true, networkConnectionEnabled: false, pageLoadStrategy: normal, platform: WINDOWS, platformName: WINDOWS, proxy: Proxy(), setWindowRect: true, strictFileInteractability: false, timeouts: {implicit: 0, pageLoad: 300000, script: 30000}, unhandledPromptBehavior: dismiss and notify, webauthn:extension:largeBlob: true, webauthn:virtualAuthenticators: true}
Session ID: 8114345aceffe3d6b527ecfe4a5896f9
*** Element info: {Using=xpath, value=//*[@id='top-search']}
at java.base/jdk.internal.reflect.NativeConstructorAccessorImpl.newInstance0(Native Method)
at java.base/jdk.internal.reflect.NativeConstructorAccessorImpl.newInstance(NativeConstructorAccessorImpl.java:64)
at java.base/jdk.internal.reflect.DelegatingConstructorAccessorImpl.newInstance(DelegatingConstructorAccessorImpl.java:45)
at java.base/java.lang.reflect.Constructor.newInstanceWithCaller(Constructor.java:500)
at java.base/java.lang.reflect.Constructor.newInstance(Constructor.java:481)
at org.openqa.selenium.remote.http.W3CHttpResponseCodec.createException(W3CHttpResponseCodec.java:187)
at org.openqa.selenium.remote.http.W3CHttpResponseCodec.decode(W3CHttpResponseCodec.java:122)
at org.openqa.selenium.remote.http.W3CHttpResponseCodec.decode(W3CHttpResponseCodec.java:49)
at org.openqa.selenium.remote.HttpCommandExecutor.execute(HttpCommandExecutor.java:158)
at org.openqa.selenium.remote.service.DriverCommandExecutor.execute(DriverCommandExecutor.java:83)
at org.openqa.selenium.remote.RemoteWebDriver.execute(RemoteWebDriver.java:552)
at org.openqa.selenium.remote.RemoteWebDriver.findElement(RemoteWebDriver.java:323)
at org.openqa.selenium.remote.RemoteWebDriver.findElementByXPath(RemoteWebDriver.java:428)
at org.openqa.selenium.By$ByXPath.findElement(By.java:353)
at org.openqa.selenium.remote.RemoteWebDriver.findElement(RemoteWebDriver.java:315)
at org.openqa.selenium.support.pagefactory.DefaultElementLocator.findElement(DefaultElementLocator.java:69)
at org.openqa.selenium.support.pagefactory.internal.LocatingElementHandler.invoke(LocatingElementHandler.java:38)
at com.sun.proxy.$Proxy15.sendKeys(Unknown Source)
at com.bmusa.pages.searchandBrowse.enterSearchterm(searchandBrowse.java:306)
at com.bmusa.TestCases.Desktop_SearchandBrowserVerification.verifysearchasGuest(Desktop_SearchandBrowserVerification.java:12)
at java.base/jdk.internal.reflect.NativeMethodAccessorImpl.invoke0(Native Method)
at java.base/jdk.internal.reflect.NativeMethodAccessorImpl.invoke(NativeMethodAccessorImpl.java:64)
at java.base/jdk.internal.reflect.DelegatingMethodAccessorImpl.invoke(DelegatingMethodAccessorImpl.java:43)
at java.base/java.lang.reflect.Method.invoke(Method.java:564)
at org.testng.internal.MethodInvocationHelper.invokeMethod(MethodInvocationHelper.java:133)
at org.testng.internal.TestInvoker.invokeMethod(TestInvoker.java:598)
at org.testng.internal.TestInvoker.invokeTestMethod(TestInvoker.java:173)
at org.testng.internal.MethodRunner.runInSequence(MethodRunner.java:46)
at org.testng.internal.TestInvoker$MethodInvocationAgent.invoke(TestInvoker.java:824)
at org.testng.internal.TestInvoker.invokeTestMethods(TestInvoker.java:146)
at org.testng.internal.TestMethodWorker.invokeTestMethods(TestMethodWorker.java:146)
at org.testng.internal.TestMethodWorker.run(TestMethodWorker.java:128)
at java.base/java.util.ArrayList.forEach(ArrayList.java:1511)
at org.testng.TestRunner.privateRun(TestRunner.java:794)
at org.testng.TestRunner.run(TestRunner.java:596)
at org.testng.SuiteRunner.runTest(SuiteRunner.java:377)
at org.testng.SuiteRunner.access$000(SuiteRunner.java:28)
at org.testng.SuiteRunner$SuiteWorker.run(SuiteRunner.java:418)
at org.testng.internal.thread.ThreadUtil.lambda$execute$0(ThreadUtil.java:64)
at java.base/java.util.concurrent.FutureTask.run(FutureTask.java:264)
at java.base/java.util.concurrent.ThreadPoolExecutor.runWorker(ThreadPoolExecutor.java:1130)
at java.base/java.util.concurrent.ThreadPoolExecutor$Worker.run(ThreadPoolExecutor.java:630)
at java.base/java.lang.Thread.run(Thread.java:832)
]]>
            </full-stacktrace>
          </exception> <!-- org.openqa.selenium.NoSuchElementException -->
          <reporter-output>
          </reporter-output>
        </test-method> <!-- verifysearchasGuest -->
        <test-method is-config="true" signature="closebrowser()[pri:0, instance:com.bmusa.TestCases.Desktop_SearchandBrowserVerification@7e7be63f]" started-at="2021-06-07T21:33:52 IST" name="closebrowser" finished-at="2021-06-07T21:33:53 IST" duration-ms="848" status="PASS">
          <reporter-output>
          </reporter-output>
        </test-method> <!-- closebrowser -->
      </class> <!-- com.bmusa.TestCases.Desktop_SearchandBrowserVerification -->
      <class name="com.bmusa.TestCases.Desktop_userAccountVerification">
        <test-method is-config="true" signature="browserlaunch(java.lang.String)[pri:0, instance:com.bmusa.TestCases.Desktop_userAccountVerification@1a18644]" started-at="2021-06-07T21:30:26 IST" name="browserlaunch" finished-at="2021-06-07T21:30:37 IST" duration-ms="11224" status="PASS">
          <params>
            <param index="0">
              <value>
                <![CDATA[Chrome]]>
              </value>
            </param>
          </params>
          <reporter-output>
          </reporter-output>
        </test-method> <!-- browserlaunch -->
        <test-method signature="landingOnAccountoverviewPage(java.lang.String,java.lang.String)[pri:0, instance:com.bmusa.TestCases.Desktop_userAccountVerification@1a18644]" started-at="2021-06-07T21:30:37 IST" name="landingOnAccountoverviewPage" finished-at="2021-06-07T21:30:56 IST" duration-ms="18687" status="PASS">
          <params>
            <param index="0">
              <value>
                <![CDATA[gskprod11@aie.com]]>
              </value>
            </param>
            <param index="1">
              <value>
                <![CDATA[test1234]]>
              </value>
            </param>
          </params>
          <reporter-output>
          </reporter-output>
        </test-method> <!-- landingOnAccountoverviewPage -->
        <test-method is-config="true" signature="closebrowser()[pri:0, instance:com.bmusa.TestCases.Desktop_userAccountVerification@1a18644]" started-at="2021-06-07T21:30:56 IST" name="closebrowser" finished-at="2021-06-07T21:30:57 IST" duration-ms="819" status="PASS">
          <reporter-output>
          </reporter-output>
        </test-method> <!-- closebrowser -->
        <test-method is-config="true" signature="browserlaunch(java.lang.String)[pri:0, instance:com.bmusa.TestCases.Desktop_userAccountVerification@1a18644]" started-at="2021-06-07T21:30:57 IST" name="browserlaunch" finished-at="2021-06-07T21:31:08 IST" duration-ms="11055" status="PASS">
          <params>
            <param index="0">
              <value>
                <![CDATA[Chrome]]>
              </value>
            </param>
          </params>
          <reporter-output>
          </reporter-output>
        </test-method> <!-- browserlaunch -->
        <test-method signature="verifyEditProfile(java.lang.String,java.lang.String)[pri:0, instance:com.bmusa.TestCases.Desktop_userAccountVerification@1a18644]" started-at="2021-06-07T21:31:08 IST" name="verifyEditProfile" finished-at="2021-06-07T21:31:33 IST" duration-ms="24661" status="PASS">
          <params>
            <param index="0">
              <value>
                <![CDATA[gskprod11@aie.com]]>
              </value>
            </param>
            <param index="1">
              <value>
                <![CDATA[test1234]]>
              </value>
            </param>
          </params>
          <reporter-output>
          </reporter-output>
        </test-method> <!-- verifyEditProfile -->
        <test-method is-config="true" signature="closebrowser()[pri:0, instance:com.bmusa.TestCases.Desktop_userAccountVerification@1a18644]" started-at="2021-06-07T21:31:33 IST" name="closebrowser" finished-at="2021-06-07T21:31:34 IST" duration-ms="1060" status="PASS">
          <reporter-output>
          </reporter-output>
        </test-method> <!-- closebrowser -->
        <test-method is-config="true" signature="browserlaunch(java.lang.String)[pri:0, instance:com.bmusa.TestCases.Desktop_userAccountVerification@1a18644]" started-at="2021-06-07T21:31:34 IST" name="browserlaunch" finished-at="2021-06-07T21:31:45 IST" duration-ms="10928" status="PASS">
          <params>
            <param index="0">
              <value>
                <![CDATA[Chrome]]>
              </value>
            </param>
          </params>
          <reporter-output>
          </reporter-output>
        </test-method> <!-- browserlaunch -->
        <test-method signature="verifyforgotpassword()[pri:0, instance:com.bmusa.TestCases.Desktop_userAccountVerification@1a18644]" started-at="2021-06-07T21:31:45 IST" name="verifyforgotpassword" finished-at="2021-06-07T21:31:55 IST" duration-ms="10773" status="PASS">
          <reporter-output>
          </reporter-output>
        </test-method> <!-- verifyforgotpassword -->
        <test-method is-config="true" signature="closebrowser()[pri:0, instance:com.bmusa.TestCases.Desktop_userAccountVerification@1a18644]" started-at="2021-06-07T21:31:56 IST" name="closebrowser" finished-at="2021-06-07T21:31:57 IST" duration-ms="1673" status="PASS">
          <reporter-output>
          </reporter-output>
        </test-method> <!-- closebrowser -->
      </class> <!-- com.bmusa.TestCases.Desktop_userAccountVerification -->
      <class name="com.bmusa.TestCases.Desktop_cartfunctionalitiesVerification">
        <test-method is-config="true" signature="browserlaunch(java.lang.String)[pri:0, instance:com.bmusa.TestCases.Desktop_cartfunctionalitiesVerification@4738a206]" started-at="2021-06-07T21:33:53 IST" name="browserlaunch" finished-at="2021-06-07T21:34:09 IST" duration-ms="15778" status="PASS">
          <params>
            <param index="0">
              <value>
                <![CDATA[Chrome]]>
              </value>
            </param>
          </params>
          <reporter-output>
          </reporter-output>
        </test-method> <!-- browserlaunch -->
        <test-method signature="verifyCartUpdate()[pri:0, instance:com.bmusa.TestCases.Desktop_cartfunctionalitiesVerification@4738a206]" started-at="2021-06-07T21:34:09 IST" name="verifyCartUpdate" finished-at="2021-06-07T21:34:13 IST" duration-ms="4048" status="FAIL">
          <exception class="org.openqa.selenium.NoSuchElementException">
            <message>
              <![CDATA[no such element: Unable to locate element: {"method":"xpath","selector":"//*[@id='top-search']"}
  (Session info: chrome=90.0.4430.212)
For documentation on this error, please visit: https://www.seleniumhq.org/exceptions/no_such_element.html
Build info: version: '3.141.59', revision: 'e82be7d358', time: '2018-11-14T08:17:03'
System info: host: 'DESKTOP-8M07T9M', ip: '172.27.249.145', os.name: 'Windows 10', os.arch: 'amd64', os.version: '10.0', java.version: '15.0.2'
Driver info: org.openqa.selenium.chrome.ChromeDriver
Capabilities {acceptInsecureCerts: false, browserName: chrome, browserVersion: 90.0.4430.212, chrome: {chromedriverVersion: 90.0.4430.24 (4c6d850f087da..., userDataDir: C:\Users\Admin\AppData\Loca...}, goog:chromeOptions: {debuggerAddress: localhost:52321}, javascriptEnabled: true, networkConnectionEnabled: false, pageLoadStrategy: normal, platform: WINDOWS, platformName: WINDOWS, proxy: Proxy(), setWindowRect: true, strictFileInteractability: false, timeouts: {implicit: 0, pageLoad: 300000, script: 30000}, unhandledPromptBehavior: dismiss and notify, webauthn:extension:largeBlob: true, webauthn:virtualAuthenticators: true}
Session ID: 9176bb086bbadb22b79d5b9a1d0e73d3
*** Element info: {Using=xpath, value=//*[@id='top-search']}]]>
            </message>
            <full-stacktrace>
              <![CDATA[org.openqa.selenium.NoSuchElementException: no such element: Unable to locate element: {"method":"xpath","selector":"//*[@id='top-search']"}
  (Session info: chrome=90.0.4430.212)
For documentation on this error, please visit: https://www.seleniumhq.org/exceptions/no_such_element.html
Build info: version: '3.141.59', revision: 'e82be7d358', time: '2018-11-14T08:17:03'
System info: host: 'DESKTOP-8M07T9M', ip: '172.27.249.145', os.name: 'Windows 10', os.arch: 'amd64', os.version: '10.0', java.version: '15.0.2'
Driver info: org.openqa.selenium.chrome.ChromeDriver
Capabilities {acceptInsecureCerts: false, browserName: chrome, browserVersion: 90.0.4430.212, chrome: {chromedriverVersion: 90.0.4430.24 (4c6d850f087da..., userDataDir: C:\Users\Admin\AppData\Loca...}, goog:chromeOptions: {debuggerAddress: localhost:52321}, javascriptEnabled: true, networkConnectionEnabled: false, pageLoadStrategy: normal, platform: WINDOWS, platformName: WINDOWS, proxy: Proxy(), setWindowRect: true, strictFileInteractability: false, timeouts: {implicit: 0, pageLoad: 300000, script: 30000}, unhandledPromptBehavior: dismiss and notify, webauthn:extension:largeBlob: true, webauthn:virtualAuthenticators: true}
Session ID: 9176bb086bbadb22b79d5b9a1d0e73d3
*** Element info: {Using=xpath, value=//*[@id='top-search']}
at java.base/jdk.internal.reflect.NativeConstructorAccessorImpl.newInstance0(Native Method)
at java.base/jdk.internal.reflect.NativeConstructorAccessorImpl.newInstance(NativeConstructorAccessorImpl.java:64)
at java.base/jdk.internal.reflect.DelegatingConstructorAccessorImpl.newInstance(DelegatingConstructorAccessorImpl.java:45)
at java.base/java.lang.reflect.Constructor.newInstanceWithCaller(Constructor.java:500)
at java.base/java.lang.reflect.Constructor.newInstance(Constructor.java:481)
at org.openqa.selenium.remote.http.W3CHttpResponseCodec.createException(W3CHttpResponseCodec.java:187)
at org.openqa.selenium.remote.http.W3CHttpResponseCodec.decode(W3CHttpResponseCodec.java:122)
at org.openqa.selenium.remote.http.W3CHttpResponseCodec.decode(W3CHttpResponseCodec.java:49)
at org.openqa.selenium.remote.HttpCommandExecutor.execute(HttpCommandExecutor.java:158)
at org.openqa.selenium.remote.service.DriverCommandExecutor.execute(DriverCommandExecutor.java:83)
at org.openqa.selenium.remote.RemoteWebDriver.execute(RemoteWebDriver.java:552)
at org.openqa.selenium.remote.RemoteWebDriver.findElement(RemoteWebDriver.java:323)
at org.openqa.selenium.remote.RemoteWebDriver.findElementByXPath(RemoteWebDriver.java:428)
at org.openqa.selenium.By$ByXPath.findElement(By.java:353)
at org.openqa.selenium.remote.RemoteWebDriver.findElement(RemoteWebDriver.java:315)
at org.openqa.selenium.support.pagefactory.DefaultElementLocator.findElement(DefaultElementLocator.java:69)
at org.openqa.selenium.support.pagefactory.internal.LocatingElementHandler.invoke(LocatingElementHandler.java:38)
at com.sun.proxy.$Proxy15.sendKeys(Unknown Source)
at com.bmusa.pages.searchandBrowse.enterSearchterm(searchandBrowse.java:306)
at com.bmusa.TestCases.Desktop_cartfunctionalitiesVerification.verifyCartUpdate(Desktop_cartfunctionalitiesVerification.java:27)
at java.base/jdk.internal.reflect.NativeMethodAccessorImpl.invoke0(Native Method)
at java.base/jdk.internal.reflect.NativeMethodAccessorImpl.invoke(NativeMethodAccessorImpl.java:64)
at java.base/jdk.internal.reflect.DelegatingMethodAccessorImpl.invoke(DelegatingMethodAccessorImpl.java:43)
at java.base/java.lang.reflect.Method.invoke(Method.java:564)
at org.testng.internal.MethodInvocationHelper.invokeMethod(MethodInvocationHelper.java:133)
at org.testng.internal.TestInvoker.invokeMethod(TestInvoker.java:598)
at org.testng.internal.TestInvoker.invokeTestMethod(TestInvoker.java:173)
at org.testng.internal.MethodRunner.runInSequence(MethodRunner.java:46)
at org.testng.internal.TestInvoker$MethodInvocationAgent.invoke(TestInvoker.java:824)
at org.testng.internal.TestInvoker.invokeTestMethods(TestInvoker.java:146)
at org.testng.internal.TestMethodWorker.invokeTestMethods(TestMethodWorker.java:146)
at org.testng.internal.TestMethodWorker.run(TestMethodWorker.java:128)
at java.base/java.util.ArrayList.forEach(ArrayList.java:1511)
at org.testng.TestRunner.privateRun(TestRunner.java:794)
at org.testng.TestRunner.run(TestRunner.java:596)
at org.testng.SuiteRunner.runTest(SuiteRunner.java:377)
at org.testng.SuiteRunner.access$000(SuiteRunner.java:28)
at org.testng.SuiteRunner$SuiteWorker.run(SuiteRunner.java:418)
at org.testng.internal.thread.ThreadUtil.lambda$execute$0(ThreadUtil.java:64)
at java.base/java.util.concurrent.FutureTask.run(FutureTask.java:264)
at java.base/java.util.concurrent.ThreadPoolExecutor.runWorker(ThreadPoolExecutor.java:1130)
at java.base/java.util.concurrent.ThreadPoolExecutor$Worker.run(ThreadPoolExecutor.java:630)
at java.base/java.lang.Thread.run(Thread.java:832)
]]>
            </full-stacktrace>
          </exception> <!-- org.openqa.selenium.NoSuchElementException -->
          <reporter-output>
          </reporter-output>
        </test-method> <!-- verifyCartUpdate -->
        <test-method is-config="true" signature="closebrowser()[pri:0, instance:com.bmusa.TestCases.Desktop_cartfunctionalitiesVerification@4738a206]" started-at="2021-06-07T21:34:13 IST" name="closebrowser" finished-at="2021-06-07T21:34:14 IST" duration-ms="894" status="PASS">
          <reporter-output>
          </reporter-output>
        </test-method> <!-- closebrowser -->
        <test-method is-config="true" signature="browserlaunch(java.lang.String)[pri:0, instance:com.bmusa.TestCases.Desktop_cartfunctionalitiesVerification@4738a206]" started-at="2021-06-07T21:34:14 IST" name="browserlaunch" finished-at="2021-06-07T21:34:51 IST" duration-ms="37274" status="PASS">
          <params>
            <param index="0">
              <value>
                <![CDATA[Chrome]]>
              </value>
            </param>
          </params>
          <reporter-output>
          </reporter-output>
        </test-method> <!-- browserlaunch -->
        <test-method signature="verifyInstorePickup(java.lang.String,java.lang.String)[pri:0, instance:com.bmusa.TestCases.Desktop_cartfunctionalitiesVerification@4738a206]" started-at="2021-06-07T21:34:51 IST" name="verifyInstorePickup" finished-at="2021-06-07T21:35:35 IST" duration-ms="43661" status="PASS">
          <params>
            <param index="0">
              <value>
                <![CDATA[gskprod11@aie.com]]>
              </value>
            </param>
            <param index="1">
              <value>
                <![CDATA[test1234]]>
              </value>
            </param>
          </params>
          <reporter-output>
          </reporter-output>
        </test-method> <!-- verifyInstorePickup -->
        <test-method is-config="true" signature="closebrowser()[pri:0, instance:com.bmusa.TestCases.Desktop_cartfunctionalitiesVerification@4738a206]" started-at="2021-06-07T21:35:35 IST" name="closebrowser" finished-at="2021-06-07T21:35:36 IST" duration-ms="898" status="PASS">
          <reporter-output>
          </reporter-output>
        </test-method> <!-- closebrowser -->
        <test-method is-config="true" signature="browserlaunch(java.lang.String)[pri:0, instance:com.bmusa.TestCases.Desktop_cartfunctionalitiesVerification@4738a206]" started-at="2021-06-07T21:35:36 IST" name="browserlaunch" finished-at="2021-06-07T21:35:46 IST" duration-ms="10118" status="PASS">
          <params>
            <param index="0">
              <value>
                <![CDATA[Chrome]]>
              </value>
            </param>
          </params>
          <reporter-output>
          </reporter-output>
        </test-method> <!-- browserlaunch -->
        <test-method signature="verifycartsummary()[pri:0, instance:com.bmusa.TestCases.Desktop_cartfunctionalitiesVerification@4738a206]" started-at="2021-06-07T21:35:46 IST" name="verifycartsummary" finished-at="2021-06-07T21:36:13 IST" duration-ms="26834" status="PASS">
          <reporter-output>
          </reporter-output>
        </test-method> <!-- verifycartsummary -->
        <test-method is-config="true" signature="closebrowser()[pri:0, instance:com.bmusa.TestCases.Desktop_cartfunctionalitiesVerification@4738a206]" started-at="2021-06-07T21:36:13 IST" name="closebrowser" finished-at="2021-06-07T21:36:14 IST" duration-ms="1557" status="PASS">
          <reporter-output>
          </reporter-output>
        </test-method> <!-- closebrowser -->
      </class> <!-- com.bmusa.TestCases.Desktop_cartfunctionalitiesVerification -->
      <class name="com.bmusa.TestCases.Desktop_AccountVerification">
        <test-method is-config="true" signature="browserlaunch(java.lang.String)[pri:0, instance:com.bmusa.TestCases.Desktop_AccountVerification@4d02f94e]" started-at="2021-06-07T21:29:40 IST" name="browserlaunch" finished-at="2021-06-07T21:29:55 IST" duration-ms="15141" status="PASS">
          <params>
            <param index="0">
              <value>
                <![CDATA[Chrome]]>
              </value>
            </param>
          </params>
          <reporter-output>
          </reporter-output>
        </test-method> <!-- browserlaunch -->
        <test-method signature="BannerVerification()[pri:0, instance:com.bmusa.TestCases.Desktop_AccountVerification@4d02f94e]" started-at="2021-06-07T21:29:55 IST" name="BannerVerification" finished-at="2021-06-07T21:29:58 IST" duration-ms="2841" status="PASS">
          <reporter-output>
          </reporter-output>
        </test-method> <!-- BannerVerification -->
        <test-method is-config="true" signature="closebrowser()[pri:0, instance:com.bmusa.TestCases.Desktop_AccountVerification@4d02f94e]" started-at="2021-06-07T21:29:59 IST" name="closebrowser" finished-at="2021-06-07T21:30:01 IST" duration-ms="2066" status="PASS">
          <reporter-output>
          </reporter-output>
        </test-method> <!-- closebrowser -->
        <test-method is-config="true" signature="browserlaunch(java.lang.String)[pri:0, instance:com.bmusa.TestCases.Desktop_AccountVerification@4d02f94e]" started-at="2021-06-07T21:30:01 IST" name="browserlaunch" finished-at="2021-06-07T21:30:12 IST" duration-ms="10947" status="PASS">
          <params>
            <param index="0">
              <value>
                <![CDATA[Chrome]]>
              </value>
            </param>
          </params>
          <reporter-output>
          </reporter-output>
        </test-method> <!-- browserlaunch -->
        <test-method signature="loginverification(java.lang.String,java.lang.String)[pri:0, instance:com.bmusa.TestCases.Desktop_AccountVerification@4d02f94e]" started-at="2021-06-07T21:30:12 IST" name="loginverification" finished-at="2021-06-07T21:30:25 IST" duration-ms="12959" status="PASS">
          <params>
            <param index="0">
              <value>
                <![CDATA[gskprod11@aie.com]]>
              </value>
            </param>
            <param index="1">
              <value>
                <![CDATA[test1234]]>
              </value>
            </param>
          </params>
          <reporter-output>
          </reporter-output>
        </test-method> <!-- loginverification -->
        <test-method is-config="true" signature="closebrowser()[pri:0, instance:com.bmusa.TestCases.Desktop_AccountVerification@4d02f94e]" started-at="2021-06-07T21:30:25 IST" name="closebrowser" finished-at="2021-06-07T21:30:26 IST" duration-ms="1047" status="PASS">
          <reporter-output>
          </reporter-output>
        </test-method> <!-- closebrowser -->
      </class> <!-- com.bmusa.TestCases.Desktop_AccountVerification -->
    </test> <!-- Test_Desktop -->
    <test started-at="2021-06-07T21:29:39 IST" name="Test_Mobile" finished-at="2021-06-07T21:42:06 IST" duration-ms="746736">
      <class name="com.bmusa.TestCases.Mobile_AccountVerification">
        <test-method is-config="true" signature="browserlaunch(java.lang.String)[pri:0, instance:com.bmusa.TestCases.Mobile_AccountVerification@51e69659]" started-at="2021-06-07T21:29:40 IST" name="browserlaunch" finished-at="2021-06-07T21:29:59 IST" duration-ms="18887" status="PASS">
          <params>
            <param index="0">
              <value>
                <![CDATA[Firefox]]>
              </value>
            </param>
          </params>
          <reporter-output>
          </reporter-output>
        </test-method> <!-- browserlaunch -->
        <test-method signature="BannerVerification()[pri:0, instance:com.bmusa.TestCases.Mobile_AccountVerification@51e69659]" started-at="2021-06-07T21:29:59 IST" name="BannerVerification" finished-at="2021-06-07T21:30:03 IST" duration-ms="3638" status="PASS">
          <reporter-output>
          </reporter-output>
        </test-method> <!-- BannerVerification -->
        <test-method is-config="true" signature="closebrowser()[pri:0, instance:com.bmusa.TestCases.Mobile_AccountVerification@51e69659]" started-at="2021-06-07T21:30:03 IST" name="closebrowser" finished-at="2021-06-07T21:30:07 IST" duration-ms="3877" status="PASS">
          <reporter-output>
          </reporter-output>
        </test-method> <!-- closebrowser -->
        <test-method is-config="true" signature="browserlaunch(java.lang.String)[pri:0, instance:com.bmusa.TestCases.Mobile_AccountVerification@51e69659]" started-at="2021-06-07T21:30:07 IST" name="browserlaunch" finished-at="2021-06-07T21:30:23 IST" duration-ms="15511" status="PASS">
          <params>
            <param index="0">
              <value>
                <![CDATA[Firefox]]>
              </value>
            </param>
          </params>
          <reporter-output>
          </reporter-output>
        </test-method> <!-- browserlaunch -->
        <test-method signature="loginverification(java.lang.String,java.lang.String)[pri:0, instance:com.bmusa.TestCases.Mobile_AccountVerification@51e69659]" started-at="2021-06-07T21:30:23 IST" name="loginverification" finished-at="2021-06-07T21:30:33 IST" duration-ms="10079" status="PASS">
          <params>
            <param index="0">
              <value>
                <![CDATA[gskprod12@aie.com]]>
              </value>
            </param>
            <param index="1">
              <value>
                <![CDATA[test1234]]>
              </value>
            </param>
          </params>
          <reporter-output>
          </reporter-output>
        </test-method> <!-- loginverification -->
        <test-method is-config="true" signature="closebrowser()[pri:0, instance:com.bmusa.TestCases.Mobile_AccountVerification@51e69659]" started-at="2021-06-07T21:30:34 IST" name="closebrowser" finished-at="2021-06-07T21:30:36 IST" duration-ms="2812" status="PASS">
          <reporter-output>
          </reporter-output>
        </test-method> <!-- closebrowser -->
      </class> <!-- com.bmusa.TestCases.Mobile_AccountVerification -->
      <class name="com.bmusa.TestCases.Mobile_userAccountVerification">
        <test-method is-config="true" signature="browserlaunch(java.lang.String)[pri:0, instance:com.bmusa.TestCases.Mobile_userAccountVerification@61001b64]" started-at="2021-06-07T21:36:34 IST" name="browserlaunch" finished-at="2021-06-07T21:37:20 IST" duration-ms="46137" status="PASS">
          <params>
            <param index="0">
              <value>
                <![CDATA[Firefox]]>
              </value>
            </param>
          </params>
          <reporter-output>
          </reporter-output>
        </test-method> <!-- browserlaunch -->
        <test-method signature="verifyMobileAccountnavigation(java.lang.String,java.lang.String)[pri:0, instance:com.bmusa.TestCases.Mobile_userAccountVerification@61001b64]" started-at="2021-06-07T21:37:20 IST" name="verifyMobileAccountnavigation" finished-at="2021-06-07T21:37:21 IST" duration-ms="1030" status="FAIL">
          <params>
            <param index="0">
              <value>
                <![CDATA[gskprod12@aie.com]]>
              </value>
            </param>
            <param index="1">
              <value>
                <![CDATA[test1234]]>
              </value>
            </param>
          </params>
          <exception class="org.openqa.selenium.NoSuchElementException">
            <message>
              <![CDATA[Unable to locate element: //*[@id='userDropDown2']
For documentation on this error, please visit: https://www.seleniumhq.org/exceptions/no_such_element.html
Build info: version: '3.141.59', revision: 'e82be7d358', time: '2018-11-14T08:17:03'
System info: host: 'DESKTOP-8M07T9M', ip: '172.27.249.145', os.name: 'Windows 10', os.arch: 'amd64', os.version: '10.0', java.version: '15.0.2'
Driver info: org.openqa.selenium.firefox.FirefoxDriver
Capabilities {acceptInsecureCerts: true, browserName: firefox, browserVersion: 89.0, javascriptEnabled: true, moz:accessibilityChecks: false, moz:buildID: 20210527174632, moz:geckodriverVersion: 0.29.1, moz:headless: false, moz:processID: 19264, moz:profile: C:\Users\Admin\AppData\Loca..., moz:shutdownTimeout: 60000, moz:useNonSpecCompliantPointerOrigin: false, moz:webdriverClick: true, pageLoadStrategy: normal, platform: WINDOWS, platformName: WINDOWS, platformVersion: 10.0, setWindowRect: true, strictFileInteractability: false, timeouts: {implicit: 0, pageLoad: 300000, script: 30000}, unhandledPromptBehavior: dismiss and notify}
Session ID: 995c0cd0-c048-47a6-9c82-e3cabba1c288
*** Element info: {Using=xpath, value=//*[@id='userDropDown2']}]]>
            </message>
            <full-stacktrace>
              <![CDATA[org.openqa.selenium.NoSuchElementException: Unable to locate element: //*[@id='userDropDown2']
For documentation on this error, please visit: https://www.seleniumhq.org/exceptions/no_such_element.html
Build info: version: '3.141.59', revision: 'e82be7d358', time: '2018-11-14T08:17:03'
System info: host: 'DESKTOP-8M07T9M', ip: '172.27.249.145', os.name: 'Windows 10', os.arch: 'amd64', os.version: '10.0', java.version: '15.0.2'
Driver info: org.openqa.selenium.firefox.FirefoxDriver
Capabilities {acceptInsecureCerts: true, browserName: firefox, browserVersion: 89.0, javascriptEnabled: true, moz:accessibilityChecks: false, moz:buildID: 20210527174632, moz:geckodriverVersion: 0.29.1, moz:headless: false, moz:processID: 19264, moz:profile: C:\Users\Admin\AppData\Loca..., moz:shutdownTimeout: 60000, moz:useNonSpecCompliantPointerOrigin: false, moz:webdriverClick: true, pageLoadStrategy: normal, platform: WINDOWS, platformName: WINDOWS, platformVersion: 10.0, setWindowRect: true, strictFileInteractability: false, timeouts: {implicit: 0, pageLoad: 300000, script: 30000}, unhandledPromptBehavior: dismiss and notify}
Session ID: 995c0cd0-c048-47a6-9c82-e3cabba1c288
*** Element info: {Using=xpath, value=//*[@id='userDropDown2']}
at java.base/jdk.internal.reflect.NativeConstructorAccessorImpl.newInstance0(Native Method)
at java.base/jdk.internal.reflect.NativeConstructorAccessorImpl.newInstance(NativeConstructorAccessorImpl.java:64)
at java.base/jdk.internal.reflect.DelegatingConstructorAccessorImpl.newInstance(DelegatingConstructorAccessorImpl.java:45)
at java.base/java.lang.reflect.Constructor.newInstanceWithCaller(Constructor.java:500)
at java.base/java.lang.reflect.Constructor.newInstance(Constructor.java:481)
at org.openqa.selenium.remote.http.W3CHttpResponseCodec.createException(W3CHttpResponseCodec.java:187)
at org.openqa.selenium.remote.http.W3CHttpResponseCodec.decode(W3CHttpResponseCodec.java:122)
at org.openqa.selenium.remote.http.W3CHttpResponseCodec.decode(W3CHttpResponseCodec.java:49)
at org.openqa.selenium.remote.HttpCommandExecutor.execute(HttpCommandExecutor.java:158)
at org.openqa.selenium.remote.service.DriverCommandExecutor.execute(DriverCommandExecutor.java:83)
at org.openqa.selenium.remote.RemoteWebDriver.execute(RemoteWebDriver.java:552)
at org.openqa.selenium.remote.RemoteWebDriver.findElement(RemoteWebDriver.java:323)
at org.openqa.selenium.remote.RemoteWebDriver.findElementByXPath(RemoteWebDriver.java:428)
at org.openqa.selenium.By$ByXPath.findElement(By.java:353)
at org.openqa.selenium.remote.RemoteWebDriver.findElement(RemoteWebDriver.java:315)
at org.openqa.selenium.support.pagefactory.DefaultElementLocator.findElement(DefaultElementLocator.java:69)
at org.openqa.selenium.support.pagefactory.internal.LocatingElementHandler.invoke(LocatingElementHandler.java:38)
at com.sun.proxy.$Proxy15.click(Unknown Source)
at com.bmusa.pages.Login.mob_accountClick(Login.java:166)
at com.bmusa.TestCases.Mobile_userAccountVerification.verifyMobileAccountnavigation(Mobile_userAccountVerification.java:14)
at java.base/jdk.internal.reflect.NativeMethodAccessorImpl.invoke0(Native Method)
at java.base/jdk.internal.reflect.NativeMethodAccessorImpl.invoke(NativeMethodAccessorImpl.java:64)
at java.base/jdk.internal.reflect.DelegatingMethodAccessorImpl.invoke(DelegatingMethodAccessorImpl.java:43)
at java.base/java.lang.reflect.Method.invoke(Method.java:564)
at org.testng.internal.MethodInvocationHelper.invokeMethod(MethodInvocationHelper.java:133)
at org.testng.internal.TestInvoker.invokeMethod(TestInvoker.java:598)
at org.testng.internal.TestInvoker.invokeTestMethod(TestInvoker.java:173)
at org.testng.internal.MethodRunner.runInSequence(MethodRunner.java:46)
at org.testng.internal.TestInvoker$MethodInvocationAgent.invoke(TestInvoker.java:824)
at org.testng.internal.TestInvoker.invokeTestMethods(TestInvoker.java:146)
at org.testng.internal.TestMethodWorker.invokeTestMethods(TestMethodWorker.java:146)
at org.testng.internal.TestMethodWorker.run(TestMethodWorker.java:128)
at java.base/java.util.ArrayList.forEach(ArrayList.java:1511)
at org.testng.TestRunner.privateRun(TestRunner.java:794)
at org.testng.TestRunner.run(TestRunner.java:596)
at org.testng.SuiteRunner.runTest(SuiteRunner.java:377)
at org.testng.SuiteRunner.access$000(SuiteRunner.java:28)
at org.testng.SuiteRunner$SuiteWorker.run(SuiteRunner.java:418)
at org.testng.internal.thread.ThreadUtil.lambda$execute$0(ThreadUtil.java:64)
at java.base/java.util.concurrent.FutureTask.run(FutureTask.java:264)
at java.base/java.util.concurrent.ThreadPoolExecutor.runWorker(ThreadPoolExecutor.java:1130)
at java.base/java.util.concurrent.ThreadPoolExecutor$Worker.run(ThreadPoolExecutor.java:630)
at java.base/java.lang.Thread.run(Thread.java:832)
]]>
            </full-stacktrace>
          </exception> <!-- org.openqa.selenium.NoSuchElementException -->
          <reporter-output>
          </reporter-output>
        </test-method> <!-- verifyMobileAccountnavigation -->
        <test-method is-config="true" signature="closebrowser()[pri:0, instance:com.bmusa.TestCases.Mobile_userAccountVerification@61001b64]" started-at="2021-06-07T21:37:21 IST" name="closebrowser" finished-at="2021-06-07T21:37:24 IST" duration-ms="3414" status="PASS">
          <reporter-output>
          </reporter-output>
        </test-method> <!-- closebrowser -->
        <test-method is-config="true" signature="browserlaunch(java.lang.String)[pri:0, instance:com.bmusa.TestCases.Mobile_userAccountVerification@61001b64]" started-at="2021-06-07T21:37:24 IST" name="browserlaunch" finished-at="2021-06-07T21:38:22 IST" duration-ms="57016" status="PASS">
          <params>
            <param index="0">
              <value>
                <![CDATA[Firefox]]>
              </value>
            </param>
          </params>
          <reporter-output>
          </reporter-output>
        </test-method> <!-- browserlaunch -->
        <test-method signature="verifymobileEditProfile(java.lang.String,java.lang.String)[pri:0, instance:com.bmusa.TestCases.Mobile_userAccountVerification@61001b64]" started-at="2021-06-07T21:38:22 IST" name="verifymobileEditProfile" finished-at="2021-06-07T21:38:42 IST" duration-ms="20259" status="PASS">
          <params>
            <param index="0">
              <value>
                <![CDATA[gskprod12@aie.com]]>
              </value>
            </param>
            <param index="1">
              <value>
                <![CDATA[test1234]]>
              </value>
            </param>
          </params>
          <reporter-output>
          </reporter-output>
        </test-method> <!-- verifymobileEditProfile -->
        <test-method is-config="true" signature="closebrowser()[pri:0, instance:com.bmusa.TestCases.Mobile_userAccountVerification@61001b64]" started-at="2021-06-07T21:38:42 IST" name="closebrowser" finished-at="2021-06-07T21:38:43 IST" duration-ms="1642" status="PASS">
          <reporter-output>
          </reporter-output>
        </test-method> <!-- closebrowser -->
        <test-method is-config="true" signature="browserlaunch(java.lang.String)[pri:0, instance:com.bmusa.TestCases.Mobile_userAccountVerification@61001b64]" started-at="2021-06-07T21:38:43 IST" name="browserlaunch" finished-at="2021-06-07T21:38:56 IST" duration-ms="12600" status="PASS">
          <params>
            <param index="0">
              <value>
                <![CDATA[Firefox]]>
              </value>
            </param>
          </params>
          <reporter-output>
          </reporter-output>
        </test-method> <!-- browserlaunch -->
        <test-method signature="verifymobileforgotpassword()[pri:0, instance:com.bmusa.TestCases.Mobile_userAccountVerification@61001b64]" started-at="2021-06-07T21:38:56 IST" name="verifymobileforgotpassword" finished-at="2021-06-07T21:39:01 IST" duration-ms="5214" status="PASS">
          <reporter-output>
          </reporter-output>
        </test-method> <!-- verifymobileforgotpassword -->
        <test-method is-config="true" signature="closebrowser()[pri:0, instance:com.bmusa.TestCases.Mobile_userAccountVerification@61001b64]" started-at="2021-06-07T21:39:01 IST" name="closebrowser" finished-at="2021-06-07T21:39:03 IST" duration-ms="1495" status="PASS">
          <reporter-output>
          </reporter-output>
        </test-method> <!-- closebrowser -->
      </class> <!-- com.bmusa.TestCases.Mobile_userAccountVerification -->
      <class name="com.bmusa.TestCases.Mobile_cartfunctionalitiesVerification">
        <test-method is-config="true" signature="browserlaunch(java.lang.String)[pri:0, instance:com.bmusa.TestCases.Mobile_cartfunctionalitiesVerification@4310d43]" started-at="2021-06-07T21:39:03 IST" name="browserlaunch" finished-at="2021-06-07T21:39:15 IST" duration-ms="12035" status="PASS">
          <params>
            <param index="0">
              <value>
                <![CDATA[Firefox]]>
              </value>
            </param>
          </params>
          <reporter-output>
          </reporter-output>
        </test-method> <!-- browserlaunch -->
        <test-method signature="verifyInstorePickup(java.lang.String,java.lang.String)[pri:0, instance:com.bmusa.TestCases.Mobile_cartfunctionalitiesVerification@4310d43]" started-at="2021-06-07T21:39:15 IST" name="verifyInstorePickup" finished-at="2021-06-07T21:39:47 IST" duration-ms="32132" status="PASS">
          <params>
            <param index="0">
              <value>
                <![CDATA[gskprod12@aie.com]]>
              </value>
            </param>
            <param index="1">
              <value>
                <![CDATA[test1234]]>
              </value>
            </param>
          </params>
          <reporter-output>
          </reporter-output>
        </test-method> <!-- verifyInstorePickup -->
        <test-method is-config="true" signature="closebrowser()[pri:0, instance:com.bmusa.TestCases.Mobile_cartfunctionalitiesVerification@4310d43]" started-at="2021-06-07T21:39:47 IST" name="closebrowser" finished-at="2021-06-07T21:39:49 IST" duration-ms="1470" status="PASS">
          <reporter-output>
          </reporter-output>
        </test-method> <!-- closebrowser -->
        <test-method is-config="true" signature="browserlaunch(java.lang.String)[pri:0, instance:com.bmusa.TestCases.Mobile_cartfunctionalitiesVerification@4310d43]" started-at="2021-06-07T21:39:49 IST" name="browserlaunch" finished-at="2021-06-07T21:40:00 IST" duration-ms="11648" status="PASS">
          <params>
            <param index="0">
              <value>
                <![CDATA[Firefox]]>
              </value>
            </param>
          </params>
          <reporter-output>
          </reporter-output>
        </test-method> <!-- browserlaunch -->
        <test-method signature="verifymobileQtyUpdate()[pri:0, instance:com.bmusa.TestCases.Mobile_cartfunctionalitiesVerification@4310d43]" started-at="2021-06-07T21:40:00 IST" name="verifymobileQtyUpdate" finished-at="2021-06-07T21:40:16 IST" duration-ms="15542" status="PASS">
          <reporter-output>
          </reporter-output>
        </test-method> <!-- verifymobileQtyUpdate -->
        <test-method is-config="true" signature="closebrowser()[pri:0, instance:com.bmusa.TestCases.Mobile_cartfunctionalitiesVerification@4310d43]" started-at="2021-06-07T21:40:16 IST" name="closebrowser" finished-at="2021-06-07T21:40:17 IST" duration-ms="1350" status="PASS">
          <reporter-output>
          </reporter-output>
        </test-method> <!-- closebrowser -->
        <test-method is-config="true" signature="browserlaunch(java.lang.String)[pri:0, instance:com.bmusa.TestCases.Mobile_cartfunctionalitiesVerification@4310d43]" started-at="2021-06-07T21:40:17 IST" name="browserlaunch" finished-at="2021-06-07T21:42:04 IST" duration-ms="106600" status="PASS">
          <params>
            <param index="0">
              <value>
                <![CDATA[Firefox]]>
              </value>
            </param>
          </params>
          <reporter-output>
          </reporter-output>
        </test-method> <!-- browserlaunch -->
        <test-method signature="verifymobilecartSummary()[pri:0, instance:com.bmusa.TestCases.Mobile_cartfunctionalitiesVerification@4310d43]" started-at="2021-06-07T21:42:04 IST" name="verifymobilecartSummary" finished-at="2021-06-07T21:42:05 IST" duration-ms="1038" status="FAIL">
          <exception class="org.openqa.selenium.NoSuchElementException">
            <message>
              <![CDATA[Unable to locate element: //*[@id='userDropDown2']
For documentation on this error, please visit: https://www.seleniumhq.org/exceptions/no_such_element.html
Build info: version: '3.141.59', revision: 'e82be7d358', time: '2018-11-14T08:17:03'
System info: host: 'DESKTOP-8M07T9M', ip: '172.27.249.145', os.name: 'Windows 10', os.arch: 'amd64', os.version: '10.0', java.version: '15.0.2'
Driver info: org.openqa.selenium.firefox.FirefoxDriver
Capabilities {acceptInsecureCerts: true, browserName: firefox, browserVersion: 89.0, javascriptEnabled: true, moz:accessibilityChecks: false, moz:buildID: 20210527174632, moz:geckodriverVersion: 0.29.1, moz:headless: false, moz:processID: 15036, moz:profile: C:\Users\Admin\AppData\Loca..., moz:shutdownTimeout: 60000, moz:useNonSpecCompliantPointerOrigin: false, moz:webdriverClick: true, pageLoadStrategy: normal, platform: WINDOWS, platformName: WINDOWS, platformVersion: 10.0, setWindowRect: true, strictFileInteractability: false, timeouts: {implicit: 0, pageLoad: 300000, script: 30000}, unhandledPromptBehavior: dismiss and notify}
Session ID: fae94f5b-1cc4-46f0-bca0-ac242a9e4ee3
*** Element info: {Using=xpath, value=//*[@id='userDropDown2']}]]>
            </message>
            <full-stacktrace>
              <![CDATA[org.openqa.selenium.NoSuchElementException: Unable to locate element: //*[@id='userDropDown2']
For documentation on this error, please visit: https://www.seleniumhq.org/exceptions/no_such_element.html
Build info: version: '3.141.59', revision: 'e82be7d358', time: '2018-11-14T08:17:03'
System info: host: 'DESKTOP-8M07T9M', ip: '172.27.249.145', os.name: 'Windows 10', os.arch: 'amd64', os.version: '10.0', java.version: '15.0.2'
Driver info: org.openqa.selenium.firefox.FirefoxDriver
Capabilities {acceptInsecureCerts: true, browserName: firefox, browserVersion: 89.0, javascriptEnabled: true, moz:accessibilityChecks: false, moz:buildID: 20210527174632, moz:geckodriverVersion: 0.29.1, moz:headless: false, moz:processID: 15036, moz:profile: C:\Users\Admin\AppData\Loca..., moz:shutdownTimeout: 60000, moz:useNonSpecCompliantPointerOrigin: false, moz:webdriverClick: true, pageLoadStrategy: normal, platform: WINDOWS, platformName: WINDOWS, platformVersion: 10.0, setWindowRect: true, strictFileInteractability: false, timeouts: {implicit: 0, pageLoad: 300000, script: 30000}, unhandledPromptBehavior: dismiss and notify}
Session ID: fae94f5b-1cc4-46f0-bca0-ac242a9e4ee3
*** Element info: {Using=xpath, value=//*[@id='userDropDown2']}
at java.base/jdk.internal.reflect.NativeConstructorAccessorImpl.newInstance0(Native Method)
at java.base/jdk.internal.reflect.NativeConstructorAccessorImpl.newInstance(NativeConstructorAccessorImpl.java:64)
at java.base/jdk.internal.reflect.DelegatingConstructorAccessorImpl.newInstance(DelegatingConstructorAccessorImpl.java:45)
at java.base/java.lang.reflect.Constructor.newInstanceWithCaller(Constructor.java:500)
at java.base/java.lang.reflect.Constructor.newInstance(Constructor.java:481)
at org.openqa.selenium.remote.http.W3CHttpResponseCodec.createException(W3CHttpResponseCodec.java:187)
at org.openqa.selenium.remote.http.W3CHttpResponseCodec.decode(W3CHttpResponseCodec.java:122)
at org.openqa.selenium.remote.http.W3CHttpResponseCodec.decode(W3CHttpResponseCodec.java:49)
at org.openqa.selenium.remote.HttpCommandExecutor.execute(HttpCommandExecutor.java:158)
at org.openqa.selenium.remote.service.DriverCommandExecutor.execute(DriverCommandExecutor.java:83)
at org.openqa.selenium.remote.RemoteWebDriver.execute(RemoteWebDriver.java:552)
at org.openqa.selenium.remote.RemoteWebDriver.findElement(RemoteWebDriver.java:323)
at org.openqa.selenium.remote.RemoteWebDriver.findElementByXPath(RemoteWebDriver.java:428)
at org.openqa.selenium.By$ByXPath.findElement(By.java:353)
at org.openqa.selenium.remote.RemoteWebDriver.findElement(RemoteWebDriver.java:315)
at org.openqa.selenium.support.pagefactory.DefaultElementLocator.findElement(DefaultElementLocator.java:69)
at org.openqa.selenium.support.pagefactory.internal.LocatingElementHandler.invoke(LocatingElementHandler.java:38)
at com.sun.proxy.$Proxy15.click(Unknown Source)
at com.bmusa.pages.Login.mob_accountClick(Login.java:166)
at com.bmusa.TestCases.Mobile_cartfunctionalitiesVerification.verifymobilecartSummary(Mobile_cartfunctionalitiesVerification.java:15)
at java.base/jdk.internal.reflect.NativeMethodAccessorImpl.invoke0(Native Method)
at java.base/jdk.internal.reflect.NativeMethodAccessorImpl.invoke(NativeMethodAccessorImpl.java:64)
at java.base/jdk.internal.reflect.DelegatingMethodAccessorImpl.invoke(DelegatingMethodAccessorImpl.java:43)
at java.base/java.lang.reflect.Method.invoke(Method.java:564)
at org.testng.internal.MethodInvocationHelper.invokeMethod(MethodInvocationHelper.java:133)
at org.testng.internal.TestInvoker.invokeMethod(TestInvoker.java:598)
at org.testng.internal.TestInvoker.invokeTestMethod(TestInvoker.java:173)
at org.testng.internal.MethodRunner.runInSequence(MethodRunner.java:46)
at org.testng.internal.TestInvoker$MethodInvocationAgent.invoke(TestInvoker.java:824)
at org.testng.internal.TestInvoker.invokeTestMethods(TestInvoker.java:146)
at org.testng.internal.TestMethodWorker.invokeTestMethods(TestMethodWorker.java:146)
at org.testng.internal.TestMethodWorker.run(TestMethodWorker.java:128)
at java.base/java.util.ArrayList.forEach(ArrayList.java:1511)
at org.testng.TestRunner.privateRun(TestRunner.java:794)
at org.testng.TestRunner.run(TestRunner.java:596)
at org.testng.SuiteRunner.runTest(SuiteRunner.java:377)
at org.testng.SuiteRunner.access$000(SuiteRunner.java:28)
at org.testng.SuiteRunner$SuiteWorker.run(SuiteRunner.java:418)
at org.testng.internal.thread.ThreadUtil.lambda$execute$0(ThreadUtil.java:64)
at java.base/java.util.concurrent.FutureTask.run(FutureTask.java:264)
at java.base/java.util.concurrent.ThreadPoolExecutor.runWorker(ThreadPoolExecutor.java:1130)
at java.base/java.util.concurrent.ThreadPoolExecutor$Worker.run(ThreadPoolExecutor.java:630)
at java.base/java.lang.Thread.run(Thread.java:832)
]]>
            </full-stacktrace>
          </exception> <!-- org.openqa.selenium.NoSuchElementException -->
          <reporter-output>
          </reporter-output>
        </test-method> <!-- verifymobilecartSummary -->
        <test-method is-config="true" signature="closebrowser()[pri:0, instance:com.bmusa.TestCases.Mobile_cartfunctionalitiesVerification@4310d43]" started-at="2021-06-07T21:42:05 IST" name="closebrowser" finished-at="2021-06-07T21:42:06 IST" duration-ms="1205" status="PASS">
          <reporter-output>
          </reporter-output>
        </test-method> <!-- closebrowser -->
      </class> <!-- com.bmusa.TestCases.Mobile_cartfunctionalitiesVerification -->
      <class name="com.bmusa.TestCases.Mobile_SearchandBrowserVerification">
        <test-method is-config="true" signature="browserlaunch(java.lang.String)[pri:0, instance:com.bmusa.TestCases.Mobile_SearchandBrowserVerification@47e2e487]" started-at="2021-06-07T21:30:36 IST" name="browserlaunch" finished-at="2021-06-07T21:30:51 IST" duration-ms="14966" status="PASS">
          <params>
            <param index="0">
              <value>
                <![CDATA[Firefox]]>
              </value>
            </param>
          </params>
          <reporter-output>
          </reporter-output>
        </test-method> <!-- browserlaunch -->
        <test-method signature="VerifyMobilesearchasGuest()[pri:0, instance:com.bmusa.TestCases.Mobile_SearchandBrowserVerification@47e2e487]" started-at="2021-06-07T21:30:51 IST" name="VerifyMobilesearchasGuest" finished-at="2021-06-07T21:30:58 IST" duration-ms="7035" status="PASS">
          <reporter-output>
          </reporter-output>
        </test-method> <!-- VerifyMobilesearchasGuest -->
        <test-method is-config="true" signature="closebrowser()[pri:0, instance:com.bmusa.TestCases.Mobile_SearchandBrowserVerification@47e2e487]" started-at="2021-06-07T21:30:59 IST" name="closebrowser" finished-at="2021-06-07T21:31:02 IST" duration-ms="3437" status="PASS">
          <reporter-output>
          </reporter-output>
        </test-method> <!-- closebrowser -->
        <test-method is-config="true" signature="browserlaunch(java.lang.String)[pri:0, instance:com.bmusa.TestCases.Mobile_SearchandBrowserVerification@47e2e487]" started-at="2021-06-07T21:31:02 IST" name="browserlaunch" finished-at="2021-06-07T21:31:18 IST" duration-ms="16093" status="PASS">
          <params>
            <param index="0">
              <value>
                <![CDATA[Firefox]]>
              </value>
            </param>
          </params>
          <reporter-output>
          </reporter-output>
        </test-method> <!-- browserlaunch -->
        <test-method signature="mobilePDPAddtoCart()[pri:0, instance:com.bmusa.TestCases.Mobile_SearchandBrowserVerification@47e2e487]" started-at="2021-06-07T21:31:18 IST" name="mobilePDPAddtoCart" finished-at="2021-06-07T21:31:32 IST" duration-ms="13377" status="PASS">
          <reporter-output>
          </reporter-output>
        </test-method> <!-- mobilePDPAddtoCart -->
        <test-method is-config="true" signature="closebrowser()[pri:0, instance:com.bmusa.TestCases.Mobile_SearchandBrowserVerification@47e2e487]" started-at="2021-06-07T21:31:32 IST" name="closebrowser" finished-at="2021-06-07T21:31:34 IST" duration-ms="1951" status="PASS">
          <reporter-output>
          </reporter-output>
        </test-method> <!-- closebrowser -->
        <test-method is-config="true" signature="browserlaunch(java.lang.String)[pri:0, instance:com.bmusa.TestCases.Mobile_SearchandBrowserVerification@47e2e487]" started-at="2021-06-07T21:31:34 IST" name="browserlaunch" finished-at="2021-06-07T21:31:52 IST" duration-ms="18569" status="PASS">
          <params>
            <param index="0">
              <value>
                <![CDATA[Firefox]]>
              </value>
            </param>
          </params>
          <reporter-output>
          </reporter-output>
        </test-method> <!-- browserlaunch -->
        <test-method signature="verifyMobileCategoryNaviagtion()[pri:0, instance:com.bmusa.TestCases.Mobile_SearchandBrowserVerification@47e2e487]" started-at="2021-06-07T21:31:52 IST" name="verifyMobileCategoryNaviagtion" finished-at="2021-06-07T21:31:56 IST" duration-ms="3562" status="PASS">
          <reporter-output>
          </reporter-output>
        </test-method> <!-- verifyMobileCategoryNaviagtion -->
        <test-method is-config="true" signature="closebrowser()[pri:0, instance:com.bmusa.TestCases.Mobile_SearchandBrowserVerification@47e2e487]" started-at="2021-06-07T21:31:56 IST" name="closebrowser" finished-at="2021-06-07T21:31:58 IST" duration-ms="1899" status="PASS">
          <reporter-output>
          </reporter-output>
        </test-method> <!-- closebrowser -->
        <test-method is-config="true" signature="browserlaunch(java.lang.String)[pri:0, instance:com.bmusa.TestCases.Mobile_SearchandBrowserVerification@47e2e487]" started-at="2021-06-07T21:31:58 IST" name="browserlaunch" finished-at="2021-06-07T21:32:14 IST" duration-ms="16493" status="PASS">
          <params>
            <param index="0">
              <value>
                <![CDATA[Firefox]]>
              </value>
            </param>
          </params>
          <reporter-output>
          </reporter-output>
        </test-method> <!-- browserlaunch -->
        <test-method signature="verifyMobileplp()[pri:0, instance:com.bmusa.TestCases.Mobile_SearchandBrowserVerification@47e2e487]" started-at="2021-06-07T21:32:14 IST" name="verifyMobileplp" finished-at="2021-06-07T21:32:18 IST" duration-ms="3772" status="PASS">
          <reporter-output>
          </reporter-output>
        </test-method> <!-- verifyMobileplp -->
        <test-method is-config="true" signature="closebrowser()[pri:0, instance:com.bmusa.TestCases.Mobile_SearchandBrowserVerification@47e2e487]" started-at="2021-06-07T21:32:18 IST" name="closebrowser" finished-at="2021-06-07T21:32:22 IST" duration-ms="3673" status="PASS">
          <reporter-output>
          </reporter-output>
        </test-method> <!-- closebrowser -->
        <test-method is-config="true" signature="browserlaunch(java.lang.String)[pri:0, instance:com.bmusa.TestCases.Mobile_SearchandBrowserVerification@47e2e487]" started-at="2021-06-07T21:32:22 IST" name="browserlaunch" finished-at="2021-06-07T21:36:01 IST" duration-ms="218801" status="PASS">
          <params>
            <param index="0">
              <value>
                <![CDATA[Firefox]]>
              </value>
            </param>
          </params>
          <reporter-output>
          </reporter-output>
        </test-method> <!-- browserlaunch -->
        <test-method signature="verifymobilePLPaddtocart()[pri:0, instance:com.bmusa.TestCases.Mobile_SearchandBrowserVerification@47e2e487]" started-at="2021-06-07T21:36:01 IST" name="verifymobilePLPaddtocart" finished-at="2021-06-07T21:36:13 IST" duration-ms="11997" status="PASS">
          <reporter-output>
          </reporter-output>
        </test-method> <!-- verifymobilePLPaddtocart -->
        <test-method is-config="true" signature="closebrowser()[pri:0, instance:com.bmusa.TestCases.Mobile_SearchandBrowserVerification@47e2e487]" started-at="2021-06-07T21:36:13 IST" name="closebrowser" finished-at="2021-06-07T21:36:15 IST" duration-ms="2232" status="PASS">
          <reporter-output>
          </reporter-output>
        </test-method> <!-- closebrowser -->
      </class> <!-- com.bmusa.TestCases.Mobile_SearchandBrowserVerification -->
      <class name="com.bmusa.TestCases.Mobile_StoreandZipupdateVerification">
        <test-method is-config="true" signature="browserlaunch(java.lang.String)[pri:0, instance:com.bmusa.TestCases.Mobile_StoreandZipupdateVerification@201a4587]" started-at="2021-06-07T21:36:15 IST" name="browserlaunch" finished-at="2021-06-07T21:36:28 IST" duration-ms="12889" status="PASS">
          <params>
            <param index="0">
              <value>
                <![CDATA[Firefox]]>
              </value>
            </param>
          </params>
          <reporter-output>
          </reporter-output>
        </test-method> <!-- browserlaunch -->
        <test-method signature="mobileStorelocator()[pri:0, instance:com.bmusa.TestCases.Mobile_StoreandZipupdateVerification@201a4587]" started-at="2021-06-07T21:36:28 IST" name="mobileStorelocator" finished-at="2021-06-07T21:36:32 IST" duration-ms="3743" status="PASS">
          <reporter-output>
          </reporter-output>
        </test-method> <!-- mobileStorelocator -->
        <test-method is-config="true" signature="closebrowser()[pri:0, instance:com.bmusa.TestCases.Mobile_StoreandZipupdateVerification@201a4587]" started-at="2021-06-07T21:36:32 IST" name="closebrowser" finished-at="2021-06-07T21:36:34 IST" duration-ms="1555" status="PASS">
          <reporter-output>
          </reporter-output>
        </test-method> <!-- closebrowser -->
      </class> <!-- com.bmusa.TestCases.Mobile_StoreandZipupdateVerification -->
    </test> <!-- Test_Mobile -->
  </suite> <!-- Suite -->
</testng-results>
